<?xml version="1.0" encoding="utf-8"?>
<symbols>
  <files>
    <file id="1" name="test-debug-NullStringTest.as" checksum="fef9b5a11a6dc53b3a072b5f5ff9fc91" />
  </files>
  <methods>
    <method token="0x6000001">
      <sequencepoints />
      <locals />
      <scopes />
    </method>
    <method token="0x6000002">
      <sequencepoints>
        <entry il="0x0" row="7" col="3" file_ref="1" hidden="false" />
        <entry il="0x1" row="8" col="11" file_ref="1" hidden="false" />
        <entry il="0x7" row="9" col="4" file_ref="1" hidden="false" />
        <entry il="0xd" row="9" col="8" file_ref="1" hidden="false" />
        <entry il="0x17" row="10" col="5" file_ref="1" hidden="false" />
        <entry il="0x1e" row="11" col="10" file_ref="1" hidden="false" />
        <entry il="0x20" row="12" col="11" file_ref="1" hidden="false" />
        <entry il="0x21" row="12" col="27" file_ref="1" hidden="false" />
        <entry il="0x27" row="13" col="4" file_ref="1" hidden="false" />
        <entry il="0x2d" row="13" col="8" file_ref="1" hidden="false" />
        <entry il="0x37" row="14" col="5" file_ref="1" hidden="false" />
        <entry il="0x3e" row="15" col="11" file_ref="1" hidden="false" />
        <entry il="0x41" row="16" col="4" file_ref="1" hidden="false" />
        <entry il="0x44" row="16" col="8" file_ref="1" hidden="false" />
        <entry il="0x4e" row="17" col="5" file_ref="1" hidden="false" />
        <entry il="0x55" row="18" col="10" file_ref="1" hidden="false" />
        <entry il="0x57" row="19" col="11" file_ref="1" hidden="false" />
        <entry il="0x58" row="19" col="27" file_ref="1" hidden="false" />
        <entry il="0x5f" row="20" col="4" file_ref="1" hidden="false" />
        <entry il="0x66" row="20" col="8" file_ref="1" hidden="false" />
        <entry il="0x70" row="21" col="5" file_ref="1" hidden="false" />
        <entry il="0x77" row="22" col="11" file_ref="1" hidden="false" />
        <entry il="0x82" row="22" col="22" file_ref="1" hidden="false" />
        <entry il="0x87" row="22" col="22" file_ref="1" hidden="false" />
        <entry il="0x8e" row="23" col="4" file_ref="1" hidden="false" />
        <entry il="0x91" row="23" col="8" file_ref="1" hidden="false" />
        <entry il="0x9b" row="24" col="5" file_ref="1" hidden="false" />
        <entry il="0xa2" row="26" col="4" file_ref="1" hidden="false" />
        <entry il="0xa9" row="27" col="3" file_ref="1" hidden="false" />
      </sequencepoints>
      <locals>
        <entry name="s1" il_index="0" scope_ref="0" />
        <entry name="o" il_index="2" scope_ref="0" />
        <entry name="s2" il_index="3" scope_ref="0" />
        <entry name="s3" il_index="4" scope_ref="0" />
        <entry name="s4" il_index="5" scope_ref="0" />
        <entry name="s5" il_index="6" scope_ref="0" />
      </locals>
      <scopes />
    </method>
  </methods>
</symbols>