<?xml version="1.0" encoding="utf-8"?>
<symbols>
  <files>
    <file id="1" name="test-debug-ImplicitStringConversionTest.as" checksum="6a55cf599b415185de76d009c87411ee" />
  </files>
  <methods>
    <method token="0x6000001">
      <sequencepoints />
      <locals />
      <scopes />
    </method>
    <method token="0x6000002">
      <sequencepoints>
        <entry il="0x0" row="7" col="3" file_ref="1" hidden="false" />
        <entry il="0x1" row="8" col="10" file_ref="1" hidden="false" />
        <entry il="0x3" row="9" col="4" file_ref="1" hidden="false" />
        <entry il="0x9" row="9" col="10" file_ref="1" hidden="false" />
        <entry il="0xe" row="9" col="4" file_ref="1" hidden="false" />
        <entry il="0x14" row="10" col="10" file_ref="1" hidden="false" />
        <entry il="0x1e" row="11" col="4" file_ref="1" hidden="false" />
        <entry il="0x24" row="11" col="10" file_ref="1" hidden="false" />
        <entry il="0x29" row="11" col="4" file_ref="1" hidden="false" />
        <entry il="0x2f" row="12" col="19" file_ref="1" hidden="false" />
        <entry il="0x35" row="13" col="4" file_ref="1" hidden="false" />
        <entry il="0x36" row="13" col="10" file_ref="1" hidden="false" />
        <entry il="0x3b" row="13" col="4" file_ref="1" hidden="false" />
        <entry il="0x41" row="14" col="44" file_ref="1" hidden="false" />
        <entry il="0x47" row="15" col="4" file_ref="1" hidden="false" />
        <entry il="0x48" row="15" col="10" file_ref="1" hidden="false" />
        <entry il="0x4d" row="15" col="4" file_ref="1" hidden="false" />
        <entry il="0x53" row="16" col="4" file_ref="1" hidden="false" />
        <entry il="0x61" row="16" col="10" file_ref="1" hidden="false" />
        <entry il="0x66" row="16" col="10" file_ref="1" hidden="false" />
        <entry il="0x6b" row="16" col="4" file_ref="1" hidden="false" />
        <entry il="0x71" row="17" col="4" file_ref="1" hidden="false" />
        <entry il="0x79" row="18" col="3" file_ref="1" hidden="false" />
      </sequencepoints>
      <locals>
        <entry name="i" il_index="0" scope_ref="0" />
        <entry name="n" il_index="1" scope_ref="0" />
        <entry name="o" il_index="2" scope_ref="0" />
        <entry name="test" il_index="3" scope_ref="0" />
      </locals>
      <scopes />
    </method>
    <method token="0x6000003">
      <sequencepoints>
        <entry il="0x0" row="21" col="3" file_ref="1" hidden="false" />
        <entry il="0x1" row="22" col="4" file_ref="1" hidden="false" />
        <entry il="0x2" row="22" col="4" file_ref="1" hidden="false" />
        <entry il="0x7" row="23" col="3" file_ref="1" hidden="false" />
        <entry il="0x12" row="23" col="3" file_ref="1" hidden="false" />
      </sequencepoints>
      <locals />
      <scopes />
    </method>
  </methods>
</symbols>