<?xml version="1.0" encoding="utf-8"?>
<symbols>
  <files>
    <file id="1" name="test-debug-014.as" checksum="281e55b6572d44c4eb184ca715463fd0" />
  </files>
  <methods>
    <method token="0x6000001">
      <sequencepoints />
      <locals />
      <scopes />
    </method>
    <method token="0x6000002">
      <sequencepoints>
        <entry il="0x0" row="6" col="50" file_ref="1" hidden="false" />
        <entry il="0x1" row="9" col="19" file_ref="1" hidden="false" />
        <entry il="0x26" row="11" col="25" file_ref="1" hidden="false" />
        <entry il="0x2d" row="12" col="28" file_ref="1" hidden="false" />
        <entry il="0x2e" row="12" col="37" file_ref="1" hidden="false" />
        <entry il="0x34" row="13" col="9" file_ref="1" hidden="false" />
      </sequencepoints>
      <locals>
        <entry name="c" il_index="0" scope_ref="0" />
        <entry name="testInt" il_index="1" scope_ref="0" />
        <entry name="testNumber" il_index="2" scope_ref="0" />
      </locals>
      <scopes />
    </method>
    <method token="0x6000003">
      <sequencepoints>
        <entry il="0x0" row="15" col="43" file_ref="1" hidden="false" />
        <entry il="0x1" row="17" col="13" file_ref="1" hidden="false" />
        <entry il="0x12" row="17" col="17" file_ref="1" hidden="false" />
        <entry il="0x17" row="17" col="13" file_ref="1" hidden="false" />
        <entry il="0x1c" row="19" col="13" file_ref="1" hidden="false" />
        <entry il="0x23" row="20" col="9" file_ref="1" hidden="false" />
      </sequencepoints>
      <locals />
      <scopes />
    </method>
  </methods>
</symbols>