<?xml version="1.0" encoding="utf-8"?>
<symbols>
  <files>
    <file id="1" name="test-debug-UntypedParameterTest.as" checksum="65fb92b5e11c24a846a4d5436c5e17b3" />
  </files>
  <methods>
    <method token="0x6000001">
      <sequencepoints />
      <locals />
      <scopes />
    </method>
    <method token="0x6000002">
      <sequencepoints>
        <entry il="0x0" row="10" col="3" file_ref="1" hidden="false" />
        <entry il="0xb" row="10" col="3" file_ref="1" hidden="false" />
        <entry il="0x1b" row="10" col="3" file_ref="1" hidden="false" />
        <entry il="0x1c" row="11" col="4" file_ref="1" hidden="false" />
        <entry il="0x31" row="11" col="50" file_ref="1" hidden="false" />
        <entry il="0x3b" row="11" col="11" file_ref="1" hidden="false" />
        <entry il="0x41" row="12" col="4" file_ref="1" hidden="false" />
        <entry il="0x5b" row="12" col="52" file_ref="1" hidden="false" />
        <entry il="0x65" row="12" col="11" file_ref="1" hidden="false" />
        <entry il="0x6b" row="15" col="4" file_ref="1" hidden="false" />
        <entry il="0x7c" row="15" col="58" file_ref="1" hidden="false" />
        <entry il="0x86" row="15" col="11" file_ref="1" hidden="false" />
        <entry il="0x8c" row="16" col="3" file_ref="1" hidden="false" />
      </sequencepoints>
      <locals />
      <scopes />
    </method>
    <method token="0x6000003">
      <sequencepoints>
        <entry il="0x0" row="19" col="3" file_ref="1" hidden="false" />
        <entry il="0xb" row="19" col="3" file_ref="1" hidden="false" />
        <entry il="0x1b" row="19" col="3" file_ref="1" hidden="false" />
        <entry il="0x1c" row="20" col="4" file_ref="1" hidden="false" />
        <entry il="0x1d" row="20" col="4" file_ref="1" hidden="false" />
        <entry il="0x22" row="21" col="3" file_ref="1" hidden="false" />
      </sequencepoints>
      <locals />
      <scopes />
    </method>
    <method token="0x6000004">
      <sequencepoints>
        <entry il="0x0" row="24" col="3" file_ref="1" hidden="false" />
        <entry il="0x1" row="25" col="4" file_ref="1" hidden="false" />
        <entry il="0x3" row="25" col="4" file_ref="1" hidden="false" />
        <entry il="0x8" row="26" col="4" file_ref="1" hidden="false" />
        <entry il="0xe" row="26" col="4" file_ref="1" hidden="false" />
        <entry il="0x13" row="27" col="8" file_ref="1" hidden="false" />
        <entry il="0x14" row="28" col="5" file_ref="1" hidden="false" />
        <entry il="0x1a" row="28" col="11" file_ref="1" hidden="false" />
        <entry il="0x20" row="29" col="6" file_ref="1" hidden="false" />
        <entry il="0x21" row="29" col="16" file_ref="1" hidden="false" />
        <entry il="0x22" row="30" col="5" file_ref="1" hidden="false" />
        <entry il="0x2d" row="30" col="111" file_ref="1" hidden="false" />
        <entry il="0x32" row="30" col="12" file_ref="1" hidden="false" />
        <entry il="0x38" row="31" col="4" file_ref="1" hidden="false" />
        <entry il="0x3e" row="32" col="3" file_ref="1" hidden="false" />
      </sequencepoints>
      <locals>
        <entry name="e" il_index="0" scope_ref="0" />
      </locals>
      <scopes>
        <entry index="0" start="0x14" end="0x20" />
        <entry index="1" start="0x22" end="0x38" />
      </scopes>
    </method>
    <method token="0x6000005">
      <sequencepoints>
        <entry il="0x0" row="35" col="3" file_ref="1" hidden="false" />
        <entry il="0x1" row="36" col="4" file_ref="1" hidden="false" />
        <entry il="0x6" row="36" col="4" file_ref="1" hidden="false" />
        <entry il="0xb" row="37" col="19" file_ref="1" hidden="false" />
        <entry il="0x11" row="38" col="4" file_ref="1" hidden="false" />
        <entry il="0x17" row="38" col="13" file_ref="1" hidden="false" />
        <entry il="0x1c" row="39" col="4" file_ref="1" hidden="false" />
        <entry il="0x2b" row="39" col="13" file_ref="1" hidden="false" />
        <entry il="0x30" row="40" col="4" file_ref="1" hidden="false" />
        <entry il="0x37" row="41" col="3" file_ref="1" hidden="false" />
      </sequencepoints>
      <locals>
        <entry name="instance" il_index="0" scope_ref="0" />
      </locals>
      <scopes />
    </method>
  </methods>
</symbols>