<?xml version="1.0" encoding="utf-8"?>
<symbols>
  <files>
    <file id="1" name="test-debug-ScalarConstructorTest.as" checksum="0388a77f09076ea2229cf079166cd9e7" />
  </files>
  <methods>
    <method token="0x6000001">
      <sequencepoints />
      <locals />
      <scopes />
    </method>
    <method token="0x6000002">
      <sequencepoints>
        <entry il="0x0" row="7" col="3" file_ref="1" hidden="false" />
        <entry il="0x1" row="8" col="33" file_ref="1" hidden="false" />
        <entry il="0x7" row="9" col="4" file_ref="1" hidden="false" />
        <entry il="0xd" row="9" col="4" file_ref="1" hidden="false" />
        <entry il="0x12" row="10" col="13" file_ref="1" hidden="false" />
        <entry il="0x1c" row="11" col="4" file_ref="1" hidden="false" />
        <entry il="0x22" row="11" col="4" file_ref="1" hidden="false" />
        <entry il="0x27" row="12" col="13" file_ref="1" hidden="false" />
        <entry il="0x29" row="13" col="4" file_ref="1" hidden="false" />
        <entry il="0x2f" row="13" col="4" file_ref="1" hidden="false" />
        <entry il="0x34" row="14" col="15" file_ref="1" hidden="false" />
        <entry il="0x3a" row="15" col="4" file_ref="1" hidden="false" />
        <entry il="0x3b" row="15" col="4" file_ref="1" hidden="false" />
        <entry il="0x40" row="16" col="3" file_ref="1" hidden="false" />
      </sequencepoints>
      <locals>
        <entry name="num1" il_index="0" scope_ref="0" />
        <entry name="num2" il_index="1" scope_ref="0" />
        <entry name="bool" il_index="2" scope_ref="0" />
        <entry name="string" il_index="3" scope_ref="0" />
      </locals>
      <scopes />
    </method>
    <method token="0x6000003">
      <sequencepoints>
        <entry il="0x0" row="19" col="3" file_ref="1" hidden="false" />
        <entry il="0x1" row="20" col="4" file_ref="1" hidden="false" />
        <entry il="0x10" row="21" col="3" file_ref="1" hidden="false" />
      </sequencepoints>
      <locals />
      <scopes />
    </method>
  </methods>
</symbols>