<?xml version="1.0" encoding="utf-8"?>
<symbols>
  <files>
    <file id="1" name="test-debug-011.as" checksum="22144bd7512bf53cedabbb89501357e1" />
  </files>
  <methods>
    <method token="0x6000001">
      <sequencepoints />
      <locals />
      <scopes />
    </method>
    <method token="0x6000002">
      <sequencepoints>
        <entry il="0x0" row="7" col="43" file_ref="1" hidden="false" />
        <entry il="0x1" row="8" col="9" file_ref="1" hidden="false" />
      </sequencepoints>
      <locals />
      <scopes />
    </method>
    <method token="0x6000003">
      <sequencepoints>
        <entry il="0x0" row="10" col="37" file_ref="1" hidden="false" />
        <entry il="0x1" row="11" col="18" file_ref="1" hidden="false" />
        <entry il="0x6" row="12" col="9" file_ref="1" hidden="false" />
      </sequencepoints>
      <locals />
      <scopes />
    </method>
    <method token="0x6000004">
      <sequencepoints />
      <locals />
      <scopes />
    </method>
    <method token="0x6000005">
      <sequencepoints>
        <entry il="0x0" row="18" col="43" file_ref="1" hidden="false" />
        <entry il="0x1" row="19" col="25" file_ref="1" hidden="false" />
        <entry il="0x7" row="20" col="15" file_ref="1" hidden="false" />
        <entry il="0xc" row="22" col="13" file_ref="1" hidden="false" />
        <entry il="0x13" row="23" col="9" file_ref="1" hidden="false" />
      </sequencepoints>
      <locals>
        <entry name="f" il_index="0" scope_ref="0" />
      </locals>
      <scopes />
    </method>
  </methods>
</symbols>