<?xml version="1.0" encoding="utf-8"?>
<symbols>
  <files>
    <file id="1" name="test-debug-009.play" checksum="cae47d5d1be2a81d450eb6cd7c7c44b3" />
  </files>
  <methods>
    <method token="0x6000001">
      <sequencepoints />
      <locals />
      <scopes />
    </method>
    <method token="0x6000002">
      <sequencepoints>
        <entry il="0x0" row="38" col="37" file_ref="1" hidden="false" />
        <entry il="0x1" row="46" col="13" file_ref="1" hidden="false" />
        <entry il="0x8" row="47" col="3" file_ref="1" hidden="false" />
      </sequencepoints>
      <locals />
      <scopes />
    </method>
  </methods>
</symbols>