<?xml version="1.0" encoding="utf-8"?>
<symbols>
  <files>
    <file id="1" name="test-debug-000.play" checksum="f6fddb7ab8c5b1a414332423d756fb05" />
  </files>
  <methods>
    <method token="0x6000001">
      <sequencepoints />
      <locals />
      <scopes />
    </method>
    <method token="0x6000002">
      <sequencepoints>
        <entry il="0x0" row="5" col="37" file_ref="1" hidden="false" />
        <entry il="0x1" row="6" col="4" file_ref="1" hidden="false" />
        <entry il="0x6" row="6" col="4" file_ref="1" hidden="false" />
        <entry il="0xb" row="7" col="4" file_ref="1" hidden="false" />
        <entry il="0x12" row="8" col="3" file_ref="1" hidden="false" />
      </sequencepoints>
      <locals />
      <scopes />
    </method>
  </methods>
</symbols>