<?xml version="1.0" encoding="utf-8"?>
<symbols>
  <files>
    <file id="1" name="test-debug-002.play" checksum="2af939a5c8441afa7321870368ac4023" />
  </files>
  <methods>
    <method token="0x6000001">
      <sequencepoints>
        <entry il="0x0" row="10" col="19" file_ref="1" hidden="false" />
        <entry il="0x6" row="10" col="42" file_ref="1" hidden="false" />
        <entry il="0x7" row="11" col="13" file_ref="1" hidden="false" />
        <entry il="0x1c" row="11" col="20" file_ref="1" hidden="false" />
        <entry il="0x22" row="12" col="13" file_ref="1" hidden="false" />
        <entry il="0x3a" row="12" col="20" file_ref="1" hidden="false" />
        <entry il="0x40" row="13" col="3" file_ref="1" hidden="false" />
      </sequencepoints>
      <locals />
      <scopes />
    </method>
    <method token="0x6000002">
      <sequencepoints>
        <entry il="0x0" row="18" col="17" file_ref="1" hidden="false" />
        <entry il="0x8" row="20" col="25" file_ref="1" hidden="false" />
        <entry il="0x9" row="22" col="10" file_ref="1" hidden="false" />
        <entry il="0xf" row="23" col="4" file_ref="1" hidden="false" />
        <entry il="0x1c" row="24" col="3" file_ref="1" hidden="false" />
      </sequencepoints>
      <locals>
        <entry name="b" il_index="0" scope_ref="0" />
      </locals>
      <scopes />
    </method>
    <method token="0x6000003">
      <sequencepoints />
      <locals />
      <scopes />
    </method>
    <method token="0x6000004">
      <sequencepoints>
        <entry il="0x0" row="29" col="37" file_ref="1" hidden="false" />
        <entry il="0x1" row="31" col="16" file_ref="1" hidden="false" />
        <entry il="0x7" row="33" col="13" file_ref="1" hidden="false" />
        <entry il="0x12" row="34" col="3" file_ref="1" hidden="false" />
      </sequencepoints>
      <locals>
        <entry name="b" il_index="0" scope_ref="0" />
      </locals>
      <scopes />
    </method>
  </methods>
</symbols>