<?xml version="1.0" encoding="utf-8"?>
<symbols>
  <files>
    <file id="1" name="test-debug-008.play" checksum="09ed072b341b781395f80bece755b3ec" />
  </files>
  <methods>
    <method token="0x6000001">
      <sequencepoints />
      <locals />
      <scopes />
    </method>
    <method token="0x6000002">
      <sequencepoints>
        <entry il="0x0" row="10" col="43" file_ref="1" hidden="false" />
        <entry il="0x1" row="12" col="19" file_ref="1" hidden="false" />
        <entry il="0x8" row="13" col="13" file_ref="1" hidden="false" />
        <entry il="0xd" row="14" col="13" file_ref="1" hidden="false" />
        <entry il="0x15" row="15" col="13" file_ref="1" hidden="false" />
        <entry il="0x1d" row="19" col="13" file_ref="1" hidden="false" />
        <entry il="0x24" row="20" col="13" file_ref="1" hidden="false" />
        <entry il="0x26" row="21" col="13" file_ref="1" hidden="false" />
        <entry il="0x27" row="22" col="13" file_ref="1" hidden="false" />
        <entry il="0x28" row="23" col="13" file_ref="1" hidden="false" />
        <entry il="0x29" row="24" col="13" file_ref="1" hidden="false" />
        <entry il="0x2b" row="25" col="13" file_ref="1" hidden="false" />
        <entry il="0x2c" row="26" col="13" file_ref="1" hidden="false" />
        <entry il="0x2d" row="27" col="13" file_ref="1" hidden="false" />
        <entry il="0x2e" row="28" col="13" file_ref="1" hidden="false" />
        <entry il="0x2f" row="29" col="13" file_ref="1" hidden="false" />
        <entry il="0x30" row="31" col="13" file_ref="1" hidden="false" />
        <entry il="0x38" row="32" col="9" file_ref="1" hidden="false" />
      </sequencepoints>
      <locals>
        <entry name="a" il_index="0" scope_ref="0" />
        <entry name="i" il_index="1" scope_ref="0" />
        <entry name="j" il_index="2" scope_ref="0" />
        <entry name="k" il_index="3" scope_ref="0" />
      </locals>
      <scopes />
    </method>
  </methods>
</symbols>