<?xml version="1.0" encoding="utf-8"?>
<symbols>
  <files>
    <file id="1" name="test-debug-CollectionsTest.as" checksum="27f7e1aa335405961f9544d4b3639e89" />
  </files>
  <methods>
    <method token="0x6000001">
      <sequencepoints />
      <locals />
      <scopes />
    </method>
    <method token="0x6000002">
      <sequencepoints>
        <entry il="0x0" row="9" col="3" file_ref="1" hidden="false" />
        <entry il="0x1" row="13" col="12" file_ref="1" hidden="false" />
        <entry il="0x7" row="14" col="14" file_ref="1" hidden="false" />
        <entry il="0xd" row="15" col="13" file_ref="1" hidden="false" />
        <entry il="0xe" row="15" col="26" file_ref="1" hidden="false" />
        <entry il="0x14" row="16" col="4" file_ref="1" hidden="false" />
        <entry il="0x17" row="16" col="8" file_ref="1" hidden="false" />
        <entry il="0x1c" row="17" col="4" file_ref="1" hidden="false" />
        <entry il="0x23" row="17" col="4" file_ref="1" hidden="false" />
        <entry il="0x29" row="18" col="4" file_ref="1" hidden="false" />
        <entry il="0x2b" row="18" col="9" file_ref="1" hidden="false" />
        <entry il="0x37" row="18" col="41" file_ref="1" hidden="false" />
        <entry il="0x41" row="19" col="5" file_ref="1" hidden="false" />
        <entry il="0x48" row="20" col="4" file_ref="1" hidden="false" />
        <entry il="0x4a" row="20" col="4" file_ref="1" hidden="false" />
        <entry il="0x50" row="21" col="4" file_ref="1" hidden="false" />
        <entry il="0x52" row="21" col="8" file_ref="1" hidden="false" />
        <entry il="0x5e" row="21" col="39" file_ref="1" hidden="false" />
        <entry il="0x68" row="22" col="5" file_ref="1" hidden="false" />
        <entry il="0x6f" row="24" col="18" file_ref="1" hidden="false" />
        <entry il="0x70" row="24" col="48" file_ref="1" hidden="false" />
        <entry il="0x77" row="25" col="4" file_ref="1" hidden="false" />
        <entry il="0x7b" row="25" col="13" file_ref="1" hidden="false" />
        <entry il="0x80" row="26" col="4" file_ref="1" hidden="false" />
        <entry il="0x83" row="26" col="9" file_ref="1" hidden="false" />
        <entry il="0x90" row="26" col="51" file_ref="1" hidden="false" />
        <entry il="0x9a" row="27" col="5" file_ref="1" hidden="false" />
        <entry il="0xa1" row="28" col="4" file_ref="1" hidden="false" />
        <entry il="0xa4" row="28" col="4" file_ref="1" hidden="false" />
        <entry il="0xaa" row="29" col="4" file_ref="1" hidden="false" />
        <entry il="0xad" row="29" col="8" file_ref="1" hidden="false" />
        <entry il="0xba" row="29" col="49" file_ref="1" hidden="false" />
        <entry il="0xc4" row="30" col="5" file_ref="1" hidden="false" />
        <entry il="0xcb" row="35" col="18" file_ref="1" hidden="false" />
        <entry il="0xd2" row="36" col="4" file_ref="1" hidden="false" />
        <entry il="0xd9" row="36" col="6" file_ref="1" hidden="false" />
        <entry il="0xdf" row="37" col="4" file_ref="1" hidden="false" />
        <entry il="0xe7" row="37" col="6" file_ref="1" hidden="false" />
        <entry il="0xed" row="38" col="4" file_ref="1" hidden="false" />
        <entry il="0xf4" row="38" col="6" file_ref="1" hidden="false" />
        <entry il="0xfa" row="39" col="4" file_ref="1" hidden="false" />
        <entry il="0x101" row="39" col="4" file_ref="1" hidden="false" />
        <entry il="0x107" row="40" col="4" file_ref="1" hidden="false" />
        <entry il="0x10f" row="40" col="4" file_ref="1" hidden="false" />
        <entry il="0x115" row="41" col="4" file_ref="1" hidden="false" />
        <entry il="0x13b" row="41" col="9" file_ref="1" hidden="false" />
        <entry il="0x145" row="42" col="5" file_ref="1" hidden="false" />
        <entry il="0x14c" row="43" col="4" file_ref="1" hidden="false" />
        <entry il="0x154" row="43" col="10" file_ref="1" hidden="false" />
        <entry il="0x15f" row="44" col="5" file_ref="1" hidden="false" />
        <entry il="0x166" row="45" col="4" file_ref="1" hidden="false" />
        <entry il="0x16f" row="45" col="10" file_ref="1" hidden="false" />
        <entry il="0x17a" row="46" col="5" file_ref="1" hidden="false" />
        <entry il="0x181" row="47" col="4" file_ref="1" hidden="false" />
        <entry il="0x188" row="47" col="19" file_ref="1" hidden="false" />
        <entry il="0x192" row="48" col="5" file_ref="1" hidden="false" />
        <entry il="0x199" row="49" col="4" file_ref="1" hidden="false" />
        <entry il="0x1a0" row="49" col="11" file_ref="1" hidden="false" />
        <entry il="0x1aa" row="50" col="5" file_ref="1" hidden="false" />
        <entry il="0x1b2" row="51" col="11" file_ref="1" hidden="false" />
        <entry il="0x1ba" row="51" col="21" file_ref="1" hidden="false" />
        <entry il="0x1c1" row="52" col="4" file_ref="1" hidden="false" />
        <entry il="0x1c5" row="52" col="9" file_ref="1" hidden="false" />
        <entry il="0x1cf" row="53" col="5" file_ref="1" hidden="false" />
        <entry il="0x1d7" row="54" col="4" file_ref="1" hidden="false" />
        <entry il="0x21d" row="54" col="9" file_ref="1" hidden="false" />
        <entry il="0x227" row="55" col="5" file_ref="1" hidden="false" />
        <entry il="0x22f" row="56" col="4" file_ref="1" hidden="false" />
        <entry il="0x254" row="56" col="9" file_ref="1" hidden="false" />
        <entry il="0x25e" row="57" col="5" file_ref="1" hidden="false" />
        <entry il="0x266" row="58" col="4" file_ref="1" hidden="false" />
        <entry il="0x28d" row="59" col="4" file_ref="1" hidden="false" />
        <entry il="0x2b3" row="59" col="9" file_ref="1" hidden="false" />
        <entry il="0x2bd" row="60" col="5" file_ref="1" hidden="false" />
        <entry il="0x2c5" row="65" col="10" file_ref="1" hidden="false" />
        <entry il="0x2c7" row="65" col="25" file_ref="1" hidden="false" />
        <entry il="0x2ce" row="66" col="4" file_ref="1" hidden="false" />
        <entry il="0x2d2" row="66" col="6" file_ref="1" hidden="false" />
        <entry il="0x2d8" row="67" col="4" file_ref="1" hidden="false" />
        <entry il="0x2db" row="67" col="6" file_ref="1" hidden="false" />
        <entry il="0x2e1" row="68" col="4" file_ref="1" hidden="false" />
        <entry il="0x2e9" row="68" col="4" file_ref="1" hidden="false" />
        <entry il="0x2ef" row="69" col="4" file_ref="1" hidden="false" />
        <entry il="0x2f6" row="69" col="4" file_ref="1" hidden="false" />
        <entry il="0x2fc" row="70" col="4" file_ref="1" hidden="false" />
        <entry il="0x2ff" row="70" col="9" file_ref="1" hidden="false" />
        <entry il="0x310" row="70" col="9" file_ref="1" hidden="false" />
        <entry il="0x31a" row="71" col="5" file_ref="1" hidden="false" />
        <entry il="0x322" row="72" col="4" file_ref="1" hidden="false" />
        <entry il="0x329" row="72" col="9" file_ref="1" hidden="false" />
        <entry il="0x33a" row="72" col="9" file_ref="1" hidden="false" />
        <entry il="0x344" row="73" col="5" file_ref="1" hidden="false" />
        <entry il="0x34c" row="74" col="11" file_ref="1" hidden="false" />
        <entry il="0x34f" row="75" col="8" file_ref="1" hidden="false" />
        <entry il="0x350" row="76" col="5" file_ref="1" hidden="false" />
        <entry il="0x357" row="76" col="12" file_ref="1" hidden="false" />
        <entry il="0x361" row="76" col="5" file_ref="1" hidden="false" />
        <entry il="0x366" row="77" col="4" file_ref="1" hidden="false" />
        <entry il="0x367" row="77" col="6" file_ref="1" hidden="false" />
        <entry il="0x36e" row="77" col="31" file_ref="1" hidden="false" />
        <entry il="0x36f" row="78" col="5" file_ref="1" hidden="false" />
        <entry il="0x373" row="79" col="4" file_ref="1" hidden="false" />
        <entry il="0x379" row="80" col="4" file_ref="1" hidden="false" />
        <entry il="0x380" row="81" col="5" file_ref="1" hidden="false" />
        <entry il="0x388" row="82" col="12" file_ref="1" hidden="false" />
        <entry il="0x38b" row="83" col="8" file_ref="1" hidden="false" />
        <entry il="0x38c" row="84" col="5" file_ref="1" hidden="false" />
        <entry il="0x394" row="84" col="6" file_ref="1" hidden="false" />
        <entry il="0x399" row="85" col="4" file_ref="1" hidden="false" />
        <entry il="0x39a" row="85" col="6" file_ref="1" hidden="false" />
        <entry il="0x3a1" row="85" col="32" file_ref="1" hidden="false" />
        <entry il="0x3a2" row="86" col="5" file_ref="1" hidden="false" />
        <entry il="0x3a6" row="87" col="4" file_ref="1" hidden="false" />
        <entry il="0x3ac" row="88" col="4" file_ref="1" hidden="false" />
        <entry il="0x3b3" row="89" col="5" file_ref="1" hidden="false" />
        <entry il="0x3bb" row="90" col="4" file_ref="1" hidden="false" />
        <entry il="0x3c4" row="90" col="5" file_ref="1" hidden="false" />
        <entry il="0x3c9" row="91" col="4" file_ref="1" hidden="false" />
        <entry il="0x3d0" row="91" col="9" file_ref="1" hidden="false" />
        <entry il="0x3dd" row="91" col="25" file_ref="1" hidden="false" />
        <entry il="0x3e7" row="91" col="9" file_ref="1" hidden="false" />
        <entry il="0x3f1" row="92" col="5" file_ref="1" hidden="false" />
        <entry il="0x3f9" row="93" col="4" file_ref="1" hidden="false" />
        <entry il="0x400" row="93" col="19" file_ref="1" hidden="false" />
        <entry il="0x40a" row="94" col="5" file_ref="1" hidden="false" />
        <entry il="0x412" row="95" col="4" file_ref="1" hidden="false" />
        <entry il="0x419" row="95" col="11" file_ref="1" hidden="false" />
        <entry il="0x423" row="96" col="5" file_ref="1" hidden="false" />
        <entry il="0x42b" row="97" col="4" file_ref="1" hidden="false" />
        <entry il="0x42d" row="97" col="10" file_ref="1" hidden="false" />
        <entry il="0x438" row="98" col="5" file_ref="1" hidden="false" />
        <entry il="0x440" row="101" col="4" file_ref="1" hidden="false" />
        <entry il="0x467" row="102" col="4" file_ref="1" hidden="false" />
        <entry il="0x469" row="102" col="10" file_ref="1" hidden="false" />
        <entry il="0x474" row="103" col="5" file_ref="1" hidden="false" />
        <entry il="0x47c" row="104" col="4" file_ref="1" hidden="false" />
        <entry il="0x47f" row="104" col="9" file_ref="1" hidden="false" />
        <entry il="0x48f" row="104" col="9" file_ref="1" hidden="false" />
        <entry il="0x499" row="105" col="5" file_ref="1" hidden="false" />
        <entry il="0x4a1" row="107" col="4" file_ref="1" hidden="false" />
        <entry il="0x4a8" row="108" col="3" file_ref="1" hidden="false" />
      </sequencepoints>
      <locals>
        <entry name="key" il_index="0" scope_ref="0" />
        <entry name="value" il_index="1" scope_ref="0" />
        <entry name="dict" il_index="2" scope_ref="0" />
        <entry name="typedDict" il_index="4" scope_ref="0" />
        <entry name="a" il_index="5" scope_ref="0" />
        <entry name="a2" il_index="6" scope_ref="0" />
        <entry name="v" il_index="7" scope_ref="0" />
        <entry name="re" il_index="8" scope_ref="0" />
        <entry name="e" il_index="9" scope_ref="0" />
        <entry name="re2" il_index="10" scope_ref="0" />
        <entry name="e2" il_index="11" scope_ref="0" />
      </locals>
      <scopes>
        <entry index="0" start="0x350" end="0x366" />
        <entry index="1" start="0x36f" end="0x373" />
        <entry index="2" start="0x38c" end="0x399" />
        <entry index="3" start="0x3a2" end="0x3a6" />
      </scopes>
    </method>
    <method token="0x6000003">
      <sequencepoints>
        <entry il="0x0" row="111" col="3" file_ref="1" hidden="false" />
        <entry il="0x1" row="112" col="4" file_ref="1" hidden="false" />
        <entry il="0x3" row="112" col="14" file_ref="1" hidden="false" />
        <entry il="0xd" row="113" col="5" file_ref="1" hidden="false" />
        <entry il="0x14" row="114" col="4" file_ref="1" hidden="false" />
        <entry il="0x16" row="114" col="35" file_ref="1" hidden="false" />
        <entry il="0x1b" row="114" col="20" file_ref="1" hidden="false" />
        <entry il="0x25" row="115" col="5" file_ref="1" hidden="false" />
        <entry il="0x2c" row="116" col="4" file_ref="1" hidden="false" />
        <entry il="0x33" row="117" col="3" file_ref="1" hidden="false" />
      </sequencepoints>
      <locals />
      <scopes />
    </method>
    <method token="0x6000004">
      <sequencepoints>
        <entry il="0x0" row="120" col="3" file_ref="1" hidden="false" />
        <entry il="0x1" row="121" col="4" file_ref="1" hidden="false" />
        <entry il="0x2" row="121" col="14" file_ref="1" hidden="false" />
        <entry il="0x8" row="121" col="30" file_ref="1" hidden="false" />
        <entry il="0x12" row="122" col="5" file_ref="1" hidden="false" />
        <entry il="0x19" row="123" col="15" file_ref="1" hidden="false" />
        <entry il="0x1a" row="123" col="27" file_ref="1" hidden="false" />
        <entry il="0x21" row="124" col="15" file_ref="1" hidden="false" />
        <entry il="0x28" row="124" col="41" file_ref="1" hidden="false" />
        <entry il="0x29" row="125" col="5" file_ref="1" hidden="false" />
        <entry il="0x69" row="125" col="14" file_ref="1" hidden="false" />
        <entry il="0x73" row="126" col="6" file_ref="1" hidden="false" />
        <entry il="0x7a" row="127" col="4" file_ref="1" hidden="false" />
        <entry il="0x7b" row="124" col="36" file_ref="1" hidden="false" />
        <entry il="0x7f" row="124" col="24" file_ref="1" hidden="false" />
        <entry il="0x86" row="128" col="4" file_ref="1" hidden="false" />
        <entry il="0x8d" row="129" col="3" file_ref="1" hidden="false" />
      </sequencepoints>
      <locals>
        <entry name="length" il_index="1" scope_ref="0" />
        <entry name="i" il_index="2" scope_ref="1" />
      </locals>
      <scopes>
        <entry index="0" start="0x21" end="0x86" />
        <entry index="1" start="0x29" end="0x7a" />
      </scopes>
    </method>
  </methods>
</symbols>