<?xml version="1.0" encoding="utf-8"?>
<symbols>
  <files>
    <file id="1" name="test-debug-DynamicClass.as" checksum="465f85c66d31d94a3c89eaa6aaa5d6f3" />
    <file id="2" name="dynamic.g.cs" checksum="5156989e21d723a04d2fa37c8a621f26" />
  </files>
  <methods>
    <method token="0x6000001">
      <sequencepoints>
        <entry il="0x0" row="6" col="31" file_ref="1" hidden="false" />
        <entry il="0xb" row="7" col="29" file_ref="1" hidden="false" />
        <entry il="0x16" row="8" col="19" file_ref="1" hidden="false" />
        <entry il="0x1c" row="9" col="3" file_ref="1" hidden="false" />
        <entry il="0x1d" row="10" col="4" file_ref="1" hidden="false" />
        <entry il="0x28" row="10" col="4" file_ref="1" hidden="false" />
        <entry il="0x2d" row="11" col="3" file_ref="1" hidden="false" />
      </sequencepoints>
      <locals />
      <scopes />
    </method>
    <method token="0x6000002">
      <sequencepoints />
      <locals>
        <entry name="value" il_index="0" scope_ref="0" />
      </locals>
      <scopes>
        <entry index="0" start="0xd" end="0x1a" />
      </scopes>
    </method>
    <method token="0x6000003">
      <sequencepoints />
      <locals />
      <scopes>
        <entry index="0" start="0xb" end="0x1e" />
        <entry index="1" start="0x1e" end="0x2c" />
      </scopes>
    </method>
    <method token="0x6000004">
      <sequencepoints />
      <locals />
      <scopes>
        <entry index="0" start="0xb" end="0x17" />
      </scopes>
    </method>
    <method token="0x6000005">
      <sequencepoints />
      <locals />
      <scopes>
        <entry index="0" start="0xb" end="0x1d" />
      </scopes>
    </method>
    <method token="0x6000006">
      <sequencepoints />
      <locals />
      <scopes>
        <entry index="0" start="0xb" end="0x1d" />
      </scopes>
    </method>
    <method token="0x6000007">
      <sequencepoints />
      <locals />
      <scopes>
        <entry index="0" start="0xb" end="0x1c" />
      </scopes>
    </method>
    <method token="0x6000008">
      <sequencepoints />
      <locals />
      <scopes />
    </method>
    <method token="0x6000009">
      <sequencepoints>
        <entry il="0x0" row="16" col="37" file_ref="1" hidden="false" />
        <entry il="0x1" row="18" col="28" file_ref="1" hidden="false" />
        <entry il="0x7" row="19" col="4" file_ref="1" hidden="false" />
        <entry il="0xd" row="19" col="4" file_ref="1" hidden="false" />
        <entry il="0x12" row="20" col="4" file_ref="1" hidden="false" />
        <entry il="0x3c" row="21" col="4" file_ref="1" hidden="false" />
        <entry il="0x62" row="22" col="4" file_ref="1" hidden="false" />
        <entry il="0xaa" row="22" col="4" file_ref="1" hidden="false" />
        <entry il="0xaf" row="23" col="4" file_ref="1" hidden="false" />
        <entry il="0xb6" row="24" col="3" file_ref="1" hidden="false" />
      </sequencepoints>
      <locals>
        <entry name="myProtean" il_index="0" scope_ref="0" />
      </locals>
      <scopes />
    </method>
  </methods>
</symbols>