<?xml version="1.0" encoding="utf-8"?>
<symbols>
  <files>
    <file id="1" name="test-debug-as-I64-2.as" checksum="4b3926f30ad911fb3129e331fb34a805" />
  </files>
  <methods>
    <method token="0x6000001">
      <sequencepoints />
      <locals />
      <scopes />
    </method>
    <method token="0x6000002">
      <sequencepoints>
        <entry il="0x0" row="7" col="43" file_ref="1" hidden="false" />
        <entry il="0x1" row="9" col="3" file_ref="1" hidden="false" />
        <entry il="0x14" row="9" col="12" file_ref="1" hidden="false" />
        <entry il="0x15" row="10" col="4" file_ref="1" hidden="false" />
        <entry il="0x1f" row="10" col="4" file_ref="1" hidden="false" />
        <entry il="0x24" row="11" col="4" file_ref="1" hidden="false" />
        <entry il="0x2b" row="14" col="3" file_ref="1" hidden="false" />
        <entry il="0x32" row="15" col="9" file_ref="1" hidden="false" />
      </sequencepoints>
      <locals />
      <scopes>
        <entry index="0" start="0x15" end="0x2b" />
      </scopes>
    </method>
    <method token="0x6000003">
      <sequencepoints>
        <entry il="0x0" row="5" col="15" file_ref="1" hidden="false" />
      </sequencepoints>
      <locals />
      <scopes />
    </method>
  </methods>
</symbols>