<?xml version="1.0" encoding="utf-8"?>
<symbols>
  <files>
    <file id="1" name="test-debug-RegExpTest.as" checksum="824e08010825a69884eaed2428d107b1" />
  </files>
  <methods>
    <method token="0x6000001">
      <sequencepoints />
      <locals />
      <scopes />
    </method>
    <method token="0x6000002">
      <sequencepoints>
        <entry il="0x0" row="6" col="3" file_ref="1" hidden="false" />
        <entry il="0x1" row="7" col="16" file_ref="1" hidden="false" />
        <entry il="0xb" row="7" col="25" file_ref="1" hidden="false" />
        <entry il="0x11" row="8" col="12" file_ref="1" hidden="false" />
        <entry il="0x17" row="9" col="4" file_ref="1" hidden="false" />
        <entry il="0x18" row="9" col="16" file_ref="1" hidden="false" />
        <entry il="0x22" row="10" col="5" file_ref="1" hidden="false" />
        <entry il="0x29" row="12" col="4" file_ref="1" hidden="false" />
        <entry il="0x2b" row="12" col="23" file_ref="1" hidden="false" />
        <entry il="0x30" row="12" col="23" file_ref="1" hidden="false" />
        <entry il="0x3a" row="12" col="8" file_ref="1" hidden="false" />
        <entry il="0x44" row="13" col="5" file_ref="1" hidden="false" />
        <entry il="0x4b" row="14" col="4" file_ref="1" hidden="false" />
        <entry il="0x4c" row="14" col="16" file_ref="1" hidden="false" />
        <entry il="0x5f" row="15" col="5" file_ref="1" hidden="false" />
        <entry il="0x66" row="17" col="4" file_ref="1" hidden="false" />
        <entry il="0x68" row="17" col="23" file_ref="1" hidden="false" />
        <entry il="0x6d" row="17" col="23" file_ref="1" hidden="false" />
        <entry il="0x77" row="17" col="8" file_ref="1" hidden="false" />
        <entry il="0x81" row="18" col="5" file_ref="1" hidden="false" />
        <entry il="0x88" row="20" col="4" file_ref="1" hidden="false" />
        <entry il="0x92" row="20" col="14" file_ref="1" hidden="false" />
        <entry il="0x98" row="21" col="4" file_ref="1" hidden="false" />
        <entry il="0x99" row="21" col="16" file_ref="1" hidden="false" />
        <entry il="0xa3" row="22" col="5" file_ref="1" hidden="false" />
        <entry il="0xaa" row="24" col="4" file_ref="1" hidden="false" />
        <entry il="0xac" row="24" col="23" file_ref="1" hidden="false" />
        <entry il="0xb1" row="24" col="23" file_ref="1" hidden="false" />
        <entry il="0xbb" row="24" col="8" file_ref="1" hidden="false" />
        <entry il="0xc5" row="25" col="5" file_ref="1" hidden="false" />
        <entry il="0xcc" row="26" col="4" file_ref="1" hidden="false" />
        <entry il="0xcd" row="26" col="16" file_ref="1" hidden="false" />
        <entry il="0xe0" row="27" col="5" file_ref="1" hidden="false" />
        <entry il="0xe7" row="29" col="4" file_ref="1" hidden="false" />
        <entry il="0xe9" row="29" col="23" file_ref="1" hidden="false" />
        <entry il="0xee" row="29" col="23" file_ref="1" hidden="false" />
        <entry il="0xf8" row="29" col="8" file_ref="1" hidden="false" />
        <entry il="0x102" row="30" col="5" file_ref="1" hidden="false" />
        <entry il="0x109" row="32" col="24" file_ref="1" hidden="false" />
        <entry il="0x113" row="32" col="33" file_ref="1" hidden="false" />
        <entry il="0x119" row="33" col="4" file_ref="1" hidden="false" />
        <entry il="0x11f" row="35" col="4" file_ref="1" hidden="false" />
        <entry il="0x120" row="35" col="24" file_ref="1" hidden="false" />
        <entry il="0x12a" row="36" col="5" file_ref="1" hidden="false" />
        <entry il="0x132" row="38" col="4" file_ref="1" hidden="false" />
        <entry il="0x134" row="38" col="31" file_ref="1" hidden="false" />
        <entry il="0x139" row="38" col="31" file_ref="1" hidden="false" />
        <entry il="0x143" row="38" col="8" file_ref="1" hidden="false" />
        <entry il="0x14d" row="39" col="5" file_ref="1" hidden="false" />
        <entry il="0x155" row="41" col="24" file_ref="1" hidden="false" />
        <entry il="0x15f" row="41" col="33" file_ref="1" hidden="false" />
        <entry il="0x166" row="42" col="4" file_ref="1" hidden="false" />
        <entry il="0x168" row="42" col="24" file_ref="1" hidden="false" />
        <entry il="0x172" row="43" col="5" file_ref="1" hidden="false" />
        <entry il="0x17a" row="45" col="4" file_ref="1" hidden="false" />
        <entry il="0x17d" row="45" col="31" file_ref="1" hidden="false" />
        <entry il="0x182" row="45" col="31" file_ref="1" hidden="false" />
        <entry il="0x18c" row="45" col="8" file_ref="1" hidden="false" />
        <entry il="0x196" row="46" col="5" file_ref="1" hidden="false" />
        <entry il="0x19e" row="48" col="4" file_ref="1" hidden="false" />
        <entry il="0x1a4" row="52" col="4" file_ref="1" hidden="false" />
        <entry il="0x1ae" row="52" col="14" file_ref="1" hidden="false" />
        <entry il="0x1b4" row="53" col="4" file_ref="1" hidden="false" />
        <entry il="0x1b5" row="53" col="16" file_ref="1" hidden="false" />
        <entry il="0x1bf" row="54" col="5" file_ref="1" hidden="false" />
        <entry il="0x1c7" row="56" col="4" file_ref="1" hidden="false" />
        <entry il="0x1c9" row="56" col="23" file_ref="1" hidden="false" />
        <entry il="0x1ce" row="56" col="23" file_ref="1" hidden="false" />
        <entry il="0x1d8" row="56" col="8" file_ref="1" hidden="false" />
        <entry il="0x1e2" row="57" col="5" file_ref="1" hidden="false" />
        <entry il="0x1ea" row="59" col="4" file_ref="1" hidden="false" />
        <entry il="0x1f4" row="59" col="14" file_ref="1" hidden="false" />
        <entry il="0x1fa" row="60" col="4" file_ref="1" hidden="false" />
        <entry il="0x1fb" row="60" col="16" file_ref="1" hidden="false" />
        <entry il="0x205" row="61" col="5" file_ref="1" hidden="false" />
        <entry il="0x20d" row="63" col="4" file_ref="1" hidden="false" />
        <entry il="0x20f" row="63" col="23" file_ref="1" hidden="false" />
        <entry il="0x214" row="63" col="23" file_ref="1" hidden="false" />
        <entry il="0x21e" row="63" col="8" file_ref="1" hidden="false" />
        <entry il="0x228" row="64" col="5" file_ref="1" hidden="false" />
        <entry il="0x230" row="66" col="4" file_ref="1" hidden="false" />
        <entry il="0x23a" row="66" col="14" file_ref="1" hidden="false" />
        <entry il="0x240" row="67" col="4" file_ref="1" hidden="false" />
        <entry il="0x246" row="68" col="24" file_ref="1" hidden="false" />
        <entry il="0x24d" row="69" col="15" file_ref="1" hidden="false" />
        <entry il="0x24f" row="69" col="32" file_ref="1" hidden="false" />
        <entry il="0x256" row="70" col="4" file_ref="1" hidden="false" />
        <entry il="0x25b" row="70" col="27" file_ref="1" hidden="false" />
        <entry il="0x25c" row="71" col="5" file_ref="1" hidden="false" />
        <entry il="0x28a" row="71" col="40" file_ref="1" hidden="false" />
        <entry il="0x294" row="71" col="13" file_ref="1" hidden="false" />
        <entry il="0x29a" row="72" col="5" file_ref="1" hidden="false" />
        <entry il="0x29c" row="72" col="22" file_ref="1" hidden="false" />
        <entry il="0x2a3" row="73" col="4" file_ref="1" hidden="false" />
        <entry il="0x2a4" row="70" col="4" file_ref="1" hidden="false" />
        <entry il="0x2a6" row="70" col="11" file_ref="1" hidden="false" />
        <entry il="0x2b0" row="74" col="4" file_ref="1" hidden="false" />
        <entry il="0x2b2" row="74" col="16" file_ref="1" hidden="false" />
        <entry il="0x2bc" row="74" col="16" file_ref="1" hidden="false" />
        <entry il="0x2c6" row="75" col="5" file_ref="1" hidden="false" />
        <entry il="0x2ce" row="77" col="4" file_ref="1" hidden="false" />
        <entry il="0x2d4" row="78" col="4" file_ref="1" hidden="false" />
        <entry il="0x2de" row="78" col="14" file_ref="1" hidden="false" />
        <entry il="0x2e4" row="79" col="4" file_ref="1" hidden="false" />
        <entry il="0x303" row="79" col="12" file_ref="1" hidden="false" />
        <entry il="0x30d" row="79" col="12" file_ref="1" hidden="false" />
        <entry il="0x317" row="80" col="5" file_ref="1" hidden="false" />
        <entry il="0x31f" row="81" col="4" file_ref="1" hidden="false" />
        <entry il="0x329" row="81" col="14" file_ref="1" hidden="false" />
        <entry il="0x32f" row="82" col="4" file_ref="1" hidden="false" />
        <entry il="0x34e" row="82" col="12" file_ref="1" hidden="false" />
        <entry il="0x358" row="82" col="12" file_ref="1" hidden="false" />
        <entry il="0x362" row="83" col="5" file_ref="1" hidden="false" />
        <entry il="0x36a" row="85" col="4" file_ref="1" hidden="false" />
        <entry il="0x371" row="86" col="3" file_ref="1" hidden="false" />
      </sequencepoints>
      <locals>
        <entry name="pattern" il_index="0" scope_ref="0" />
        <entry name="str" il_index="1" scope_ref="0" />
        <entry name="rePhonePattern1" il_index="3" scope_ref="0" />
        <entry name="rePhonePattern2" il_index="4" scope_ref="0" />
        <entry name="results" il_index="5" scope_ref="0" />
        <entry name="result" il_index="6" scope_ref="0" />
      </locals>
      <scopes>
        <entry index="0" start="0x25c" end="0x2a3" />
      </scopes>
    </method>
    <method token="0x6000003">
      <sequencepoints>
        <entry il="0x0" row="89" col="3" file_ref="1" hidden="false" />
        <entry il="0x1" row="89" col="3" file_ref="1" hidden="false" />
        <entry il="0x7" row="89" col="3" file_ref="1" hidden="false" />
        <entry il="0x8" row="90" col="4" file_ref="1" hidden="false" />
        <entry il="0xa" row="90" col="15" file_ref="1" hidden="false" />
        <entry il="0x11" row="90" col="25" file_ref="1" hidden="false" />
        <entry il="0x16" row="90" col="15" file_ref="1" hidden="false" />
        <entry il="0x1b" row="90" col="15" file_ref="1" hidden="false" />
        <entry il="0x26" row="91" col="3" file_ref="1" hidden="false" />
      </sequencepoints>
      <locals>
        <entry name="args" il_index="0" scope_ref="0" />
      </locals>
      <scopes />
    </method>
  </methods>
</symbols>