<?xml version="1.0" encoding="utf-8"?>
<symbols>
  <files>
    <file id="1" name="test-debug-003.as" checksum="48c28bdcd14e5b68c79c754d22ab9b84" />
  </files>
  <methods>
    <method token="0x6000001">
      <sequencepoints />
      <locals />
      <scopes />
    </method>
    <method token="0x6000002">
      <sequencepoints>
        <entry il="0x0" row="5" col="43" file_ref="1" hidden="false" />
        <entry il="0x1" row="7" col="19" file_ref="1" hidden="false" />
        <entry il="0x3" row="11" col="13" file_ref="1" hidden="false" />
        <entry il="0x4" row="12" col="17" file_ref="1" hidden="false" />
        <entry il="0x9" row="12" col="17" file_ref="1" hidden="false" />
        <entry il="0xe" row="13" col="13" file_ref="1" hidden="false" />
        <entry il="0xf" row="15" col="13" file_ref="1" hidden="false" />
        <entry il="0x10" row="16" col="24" file_ref="1" hidden="false" />
        <entry il="0x13" row="17" col="17" file_ref="1" hidden="false" />
        <entry il="0x18" row="17" col="17" file_ref="1" hidden="false" />
        <entry il="0x1d" row="18" col="13" file_ref="1" hidden="false" />
        <entry il="0x1e" row="22" col="28" file_ref="1" hidden="false" />
        <entry il="0x2a" row="22" col="34" file_ref="1" hidden="false" />
        <entry il="0x30" row="23" col="13" file_ref="1" hidden="false" />
        <entry il="0x31" row="23" col="13" file_ref="1" hidden="false" />
        <entry il="0x41" row="23" col="19" file_ref="1" hidden="false" />
        <entry il="0x46" row="23" col="13" file_ref="1" hidden="false" />
        <entry il="0x4c" row="24" col="17" file_ref="1" hidden="false" />
        <entry il="0x56" row="24" col="22" file_ref="1" hidden="false" />
        <entry il="0x60" row="24" col="27" file_ref="1" hidden="false" />
        <entry il="0x66" row="28" col="13" file_ref="1" hidden="false" />
        <entry il="0x6c" row="28" col="20" file_ref="1" hidden="false" />
        <entry il="0x6d" row="29" col="17" file_ref="1" hidden="false" />
        <entry il="0x72" row="29" col="17" file_ref="1" hidden="false" />
        <entry il="0x77" row="30" col="13" file_ref="1" hidden="false" />
        <entry il="0x78" row="31" col="13" file_ref="1" hidden="false" />
        <entry il="0x7e" row="31" col="20" file_ref="1" hidden="false" />
        <entry il="0x7f" row="32" col="17" file_ref="1" hidden="false" />
        <entry il="0x84" row="32" col="17" file_ref="1" hidden="false" />
        <entry il="0x89" row="33" col="13" file_ref="1" hidden="false" />
        <entry il="0x8a" row="35" col="13" file_ref="1" hidden="false" />
        <entry il="0x90" row="35" col="21" file_ref="1" hidden="false" />
        <entry il="0x91" row="36" col="17" file_ref="1" hidden="false" />
        <entry il="0x96" row="36" col="17" file_ref="1" hidden="false" />
        <entry il="0x9b" row="37" col="13" file_ref="1" hidden="false" />
        <entry il="0xa1" row="37" col="20" file_ref="1" hidden="false" />
        <entry il="0xa2" row="38" col="17" file_ref="1" hidden="false" />
        <entry il="0xa7" row="38" col="17" file_ref="1" hidden="false" />
        <entry il="0xac" row="39" col="13" file_ref="1" hidden="false" />
        <entry il="0xad" row="41" col="13" file_ref="1" hidden="false" />
        <entry il="0xb3" row="41" col="21" file_ref="1" hidden="false" />
        <entry il="0xb4" row="42" col="17" file_ref="1" hidden="false" />
        <entry il="0xb9" row="42" col="17" file_ref="1" hidden="false" />
        <entry il="0xbe" row="43" col="13" file_ref="1" hidden="false" />
        <entry il="0xc4" row="43" col="20" file_ref="1" hidden="false" />
        <entry il="0xc5" row="44" col="17" file_ref="1" hidden="false" />
        <entry il="0xca" row="44" col="17" file_ref="1" hidden="false" />
        <entry il="0xcf" row="45" col="13" file_ref="1" hidden="false" />
        <entry il="0xd0" row="49" col="19" file_ref="1" hidden="false" />
        <entry il="0xd2" row="50" col="18" file_ref="1" hidden="false" />
        <entry il="0xd9" row="50" col="39" file_ref="1" hidden="false" />
        <entry il="0xda" row="51" col="17" file_ref="1" hidden="false" />
        <entry il="0xe0" row="51" col="17" file_ref="1" hidden="false" />
        <entry il="0xe5" row="52" col="17" file_ref="1" hidden="false" />
        <entry il="0xed" row="52" col="29" file_ref="1" hidden="false" />
        <entry il="0xee" row="53" col="21" file_ref="1" hidden="false" />
        <entry il="0xf3" row="55" col="23" file_ref="1" hidden="false" />
        <entry il="0xf5" row="56" col="13" file_ref="1" hidden="false" />
        <entry il="0xf6" row="50" col="34" file_ref="1" hidden="false" />
        <entry il="0xfa" row="50" col="25" file_ref="1" hidden="false" />
        <entry il="0x102" row="57" col="13" file_ref="1" hidden="false" />
        <entry il="0x104" row="58" col="17" file_ref="1" hidden="false" />
        <entry il="0x109" row="58" col="23" file_ref="1" hidden="false" />
        <entry il="0x10a" row="59" col="17" file_ref="1" hidden="false" />
        <entry il="0x10e" row="60" col="17" file_ref="1" hidden="false" />
        <entry il="0x116" row="60" col="30" file_ref="1" hidden="false" />
        <entry il="0x117" row="61" col="21" file_ref="1" hidden="false" />
        <entry il="0x11c" row="63" col="13" file_ref="1" hidden="false" />
        <entry il="0x122" row="67" col="19" file_ref="1" hidden="false" />
        <entry il="0x124" row="67" col="34" file_ref="1" hidden="false" />
        <entry il="0x12b" row="68" col="17" file_ref="1" hidden="false" />
        <entry il="0x133" row="68" col="23" file_ref="1" hidden="false" />
        <entry il="0x135" row="68" col="23" file_ref="1" hidden="false" />
        <entry il="0x141" row="68" col="17" file_ref="1" hidden="false" />
        <entry il="0x143" row="68" col="23" file_ref="1" hidden="false" />
        <entry il="0x14e" row="68" col="26" file_ref="1" hidden="false" />
        <entry il="0x14f" row="69" col="17" file_ref="1" hidden="false" />
        <entry il="0x155" row="69" col="17" file_ref="1" hidden="false" />
        <entry il="0x15a" row="70" col="13" file_ref="1" hidden="false" />
        <entry il="0x15d" row="68" col="23" file_ref="1" hidden="false" />
        <entry il="0x167" row="71" col="17" file_ref="1" hidden="false" />
        <entry il="0x16f" row="71" col="32" file_ref="1" hidden="false" />
        <entry il="0x171" row="71" col="32" file_ref="1" hidden="false" />
        <entry il="0x17d" row="71" col="25" file_ref="1" hidden="false" />
        <entry il="0x17f" row="71" col="32" file_ref="1" hidden="false" />
        <entry il="0x18b" row="71" col="35" file_ref="1" hidden="false" />
        <entry il="0x18c" row="72" col="17" file_ref="1" hidden="false" />
        <entry il="0x192" row="72" col="17" file_ref="1" hidden="false" />
        <entry il="0x197" row="73" col="13" file_ref="1" hidden="false" />
        <entry il="0x19a" row="71" col="32" file_ref="1" hidden="false" />
        <entry il="0x1a4" row="77" col="28" file_ref="1" hidden="false" />
        <entry il="0x1aa" row="79" col="13" file_ref="1" hidden="false" />
        <entry il="0x1b6" row="79" col="29" file_ref="1" hidden="false" />
        <entry il="0x1fe" row="79" col="29" file_ref="1" hidden="false" />
        <entry il="0x20a" row="79" col="13" file_ref="1" hidden="false" />
        <entry il="0x20c" row="79" col="29" file_ref="1" hidden="false" />
        <entry il="0x213" row="79" col="32" file_ref="1" hidden="false" />
        <entry il="0x214" row="80" col="17" file_ref="1" hidden="false" />
        <entry il="0x216" row="80" col="17" file_ref="1" hidden="false" />
        <entry il="0x21b" row="81" col="13" file_ref="1" hidden="false" />
        <entry il="0x21e" row="79" col="29" file_ref="1" hidden="false" />
        <entry il="0x244" row="82" col="13" file_ref="1" hidden="false" />
        <entry il="0x250" row="82" col="40" file_ref="1" hidden="false" />
        <entry il="0x298" row="82" col="40" file_ref="1" hidden="false" />
        <entry il="0x2a4" row="82" col="30" file_ref="1" hidden="false" />
        <entry il="0x2a6" row="82" col="40" file_ref="1" hidden="false" />
        <entry il="0x2ad" row="82" col="43" file_ref="1" hidden="false" />
        <entry il="0x2ae" row="83" col="17" file_ref="1" hidden="false" />
        <entry il="0x2b0" row="83" col="17" file_ref="1" hidden="false" />
        <entry il="0x2b5" row="84" col="13" file_ref="1" hidden="false" />
        <entry il="0x2b8" row="82" col="40" file_ref="1" hidden="false" />
        <entry il="0x2de" row="88" col="13" file_ref="1" hidden="false" />
        <entry il="0x2e3" row="88" col="23" file_ref="1" hidden="false" />
        <entry il="0x2e4" row="89" col="17" file_ref="1" hidden="false" />
        <entry il="0x2ea" row="89" col="17" file_ref="1" hidden="false" />
        <entry il="0x2ef" row="90" col="13" file_ref="1" hidden="false" />
        <entry il="0x2f0" row="88" col="13" file_ref="1" hidden="false" />
        <entry il="0x2f6" row="94" col="16" file_ref="1" hidden="false" />
        <entry il="0x2f7" row="95" col="17" file_ref="1" hidden="false" />
        <entry il="0x2fd" row="95" col="17" file_ref="1" hidden="false" />
        <entry il="0x302" row="96" col="13" file_ref="1" hidden="false" />
        <entry il="0x303" row="96" col="15" file_ref="1" hidden="false" />
        <entry il="0x309" row="100" col="24" file_ref="1" hidden="false" />
        <entry il="0x30a" row="104" col="24" file_ref="1" hidden="false" />
        <entry il="0x31c" row="106" col="21" file_ref="1" hidden="false" />
        <entry il="0x322" row="106" col="21" file_ref="1" hidden="false" />
        <entry il="0x327" row="108" col="21" file_ref="1" hidden="false" />
        <entry il="0x32d" row="108" col="21" file_ref="1" hidden="false" />
        <entry il="0x332" row="110" col="21" file_ref="1" hidden="false" />
        <entry il="0x338" row="110" col="21" file_ref="1" hidden="false" />
        <entry il="0x33d" row="109" col="17" file_ref="1" hidden="false" />
      </sequencepoints>
      <locals>
        <entry name="b" il_index="0" scope_ref="0" />
        <entry name="qq" il_index="1" scope_ref="2" />
        <entry name="o" il_index="2" scope_ref="0" />
        <entry name="i" il_index="3" scope_ref="0" />
        <entry name="v" il_index="4" scope_ref="0" />
        <entry name="ii" il_index="6" scope_ref="18" />
        <entry name="o2" il_index="8" scope_ref="0" />
        <entry name="o3" il_index="11" scope_ref="24" />
      </locals>
      <scopes>
        <entry index="0" start="0x4" end="0xe" />
        <entry index="1" start="0x10" end="0x1d" />
        <entry index="2" start="0x6d" end="0x77" />
        <entry index="3" start="0x7f" end="0x89" />
        <entry index="4" start="0x91" end="0x9b" />
        <entry index="5" start="0xa2" end="0xac" />
        <entry index="6" start="0xb4" end="0xbe" />
        <entry index="7" start="0xc5" end="0xcf" />
        <entry index="8" start="0xd2" end="0x102" />
        <entry index="9" start="0xda" end="0xf5" />
        <entry index="10" start="0xee" end="0xf3" />
        <entry index="11" start="0x104" end="0x122" />
        <entry index="12" start="0x10a" end="0x11c" />
        <entry index="13" start="0x117" end="0x11c" />
        <entry index="14" start="0x12b" end="0x167" />
        <entry index="15" start="0x14e" end="0x15b" />
        <entry index="16" start="0x14f" end="0x15a" />
        <entry index="17" start="0x167" end="0x1a4" />
        <entry index="18" start="0x18b" end="0x198" />
        <entry index="19" start="0x18c" end="0x197" />
        <entry index="20" start="0x1aa" end="0x244" />
        <entry index="21" start="0x213" end="0x21c" />
        <entry index="22" start="0x214" end="0x21b" />
        <entry index="23" start="0x244" end="0x2de" />
        <entry index="24" start="0x2ad" end="0x2b6" />
        <entry index="25" start="0x2ae" end="0x2b5" />
        <entry index="26" start="0x2e4" end="0x2ef" />
        <entry index="27" start="0x2f7" end="0x302" />
        <entry index="28" start="0x30a" end="0x30a" />
        <entry index="29" start="0x30a" end="0x33d" />
      </scopes>
    </method>
  </methods>
</symbols>