<?xml version="1.0" encoding="utf-8"?>
<symbols>
  <files>
    <file id="1" name="test-debug-009.as" checksum="e411848507d3136399ac0ca56079bda2" />
  </files>
  <methods>
    <method token="0x6000001">
      <sequencepoints />
      <locals />
      <scopes />
    </method>
    <method token="0x6000002">
      <sequencepoints>
        <entry il="0x0" row="7" col="51" file_ref="1" hidden="false" />
        <entry il="0x1" row="7" col="51" file_ref="1" hidden="false" />
        <entry il="0x7" row="7" col="51" file_ref="1" hidden="false" />
        <entry il="0x8" row="8" col="13" file_ref="1" hidden="false" />
        <entry il="0x9" row="8" col="24" file_ref="1" hidden="false" />
        <entry il="0x13" row="8" col="13" file_ref="1" hidden="false" />
        <entry il="0x18" row="9" col="13" file_ref="1" hidden="false" />
        <entry il="0x19" row="9" col="18" file_ref="1" hidden="false" />
        <entry il="0x1f" row="10" col="9" file_ref="1" hidden="false" />
      </sequencepoints>
      <locals>
        <entry name="args" il_index="0" scope_ref="0" />
      </locals>
      <scopes />
    </method>
    <method token="0x6000003">
      <sequencepoints>
        <entry il="0x0" row="13" col="9" file_ref="1" hidden="false" />
        <entry il="0x1" row="13" col="9" file_ref="1" hidden="false" />
        <entry il="0x7" row="13" col="9" file_ref="1" hidden="false" />
        <entry il="0x8" row="14" col="24" file_ref="1" hidden="false" />
        <entry il="0xf" row="15" col="13" file_ref="1" hidden="false" />
        <entry il="0x10" row="16" col="17" file_ref="1" hidden="false" />
        <entry il="0x12" row="16" col="27" file_ref="1" hidden="false" />
        <entry il="0x17" row="16" col="17" file_ref="1" hidden="false" />
        <entry il="0x1c" row="17" col="13" file_ref="1" hidden="false" />
        <entry il="0x1d" row="14" col="51" file_ref="1" hidden="false" />
        <entry il="0x21" row="14" col="34" file_ref="1" hidden="false" />
        <entry il="0x23" row="14" col="43" file_ref="1" hidden="false" />
        <entry il="0x2d" row="18" col="9" file_ref="1" hidden="false" />
      </sequencepoints>
      <locals>
        <entry name="args" il_index="0" scope_ref="0" />
        <entry name="i" il_index="1" scope_ref="1" />
      </locals>
      <scopes>
        <entry index="0" start="0x8" end="0x2d" />
        <entry index="1" start="0x10" end="0x1c" />
      </scopes>
    </method>
    <method token="0x6000004">
      <sequencepoints>
        <entry il="0x0" row="21" col="57" file_ref="1" hidden="false" />
        <entry il="0x1" row="21" col="57" file_ref="1" hidden="false" />
        <entry il="0x7" row="21" col="57" file_ref="1" hidden="false" />
        <entry il="0x8" row="22" col="13" file_ref="1" hidden="false" />
        <entry il="0xf" row="22" col="13" file_ref="1" hidden="false" />
        <entry il="0x14" row="23" col="9" file_ref="1" hidden="false" />
      </sequencepoints>
      <locals>
        <entry name="args" il_index="0" scope_ref="0" />
      </locals>
      <scopes />
    </method>
    <method token="0x6000005">
      <sequencepoints />
      <locals />
      <scopes />
    </method>
    <method token="0x6000006">
      <sequencepoints>
        <entry il="0x0" row="42" col="43" file_ref="1" hidden="false" />
        <entry il="0x1" row="43" col="25" file_ref="1" hidden="false" />
        <entry il="0x7" row="44" col="13" file_ref="1" hidden="false" />
        <entry il="0x32" row="44" col="15" file_ref="1" hidden="false" />
        <entry il="0x37" row="45" col="13" file_ref="1" hidden="false" />
        <entry il="0x65" row="45" col="15" file_ref="1" hidden="false" />
        <entry il="0x6a" row="47" col="13" file_ref="1" hidden="false" />
        <entry il="0x71" row="48" col="9" file_ref="1" hidden="false" />
      </sequencepoints>
      <locals>
        <entry name="f" il_index="0" scope_ref="0" />
      </locals>
      <scopes />
    </method>
  </methods>
</symbols>