<?xml version="1.0" encoding="utf-8"?>
<symbols>
  <files>
    <file id="1" name="test-debug-CollectionsTest.as" checksum="27f7e1aa335405961f9544d4b3639e89" />
  </files>
  <methods>
    <method token="0x6000001">
      <sequencepoints />
      <locals />
      <scopes />
    </method>
    <method token="0x6000002">
      <sequencepoints>
        <entry il="0x0" row="9" col="3" file_ref="1" hidden="false" />
        <entry il="0x1" row="13" col="12" file_ref="1" hidden="false" />
        <entry il="0x7" row="14" col="14" file_ref="1" hidden="false" />
        <entry il="0xd" row="15" col="13" file_ref="1" hidden="false" />
        <entry il="0xe" row="15" col="26" file_ref="1" hidden="false" />
        <entry il="0x14" row="16" col="4" file_ref="1" hidden="false" />
        <entry il="0x17" row="16" col="8" file_ref="1" hidden="false" />
        <entry il="0x1c" row="17" col="4" file_ref="1" hidden="false" />
        <entry il="0x23" row="17" col="4" file_ref="1" hidden="false" />
        <entry il="0x29" row="18" col="4" file_ref="1" hidden="false" />
        <entry il="0x2b" row="18" col="9" file_ref="1" hidden="false" />
        <entry il="0x37" row="18" col="41" file_ref="1" hidden="false" />
        <entry il="0x41" row="19" col="5" file_ref="1" hidden="false" />
        <entry il="0x48" row="20" col="4" file_ref="1" hidden="false" />
        <entry il="0x4a" row="20" col="4" file_ref="1" hidden="false" />
        <entry il="0x50" row="21" col="4" file_ref="1" hidden="false" />
        <entry il="0x52" row="21" col="8" file_ref="1" hidden="false" />
        <entry il="0x5e" row="21" col="39" file_ref="1" hidden="false" />
        <entry il="0x68" row="22" col="5" file_ref="1" hidden="false" />
        <entry il="0x6f" row="24" col="18" file_ref="1" hidden="false" />
        <entry il="0x70" row="24" col="48" file_ref="1" hidden="false" />
        <entry il="0x77" row="25" col="4" file_ref="1" hidden="false" />
        <entry il="0x7b" row="25" col="13" file_ref="1" hidden="false" />
        <entry il="0x80" row="26" col="4" file_ref="1" hidden="false" />
        <entry il="0x83" row="26" col="9" file_ref="1" hidden="false" />
        <entry il="0x90" row="26" col="51" file_ref="1" hidden="false" />
        <entry il="0x9a" row="27" col="5" file_ref="1" hidden="false" />
        <entry il="0xa1" row="28" col="4" file_ref="1" hidden="false" />
        <entry il="0xa4" row="28" col="4" file_ref="1" hidden="false" />
        <entry il="0xaa" row="29" col="4" file_ref="1" hidden="false" />
        <entry il="0xad" row="29" col="8" file_ref="1" hidden="false" />
        <entry il="0xba" row="29" col="49" file_ref="1" hidden="false" />
        <entry il="0xc4" row="30" col="5" file_ref="1" hidden="false" />
        <entry il="0xcb" row="35" col="18" file_ref="1" hidden="false" />
        <entry il="0xd2" row="36" col="4" file_ref="1" hidden="false" />
        <entry il="0xd9" row="36" col="6" file_ref="1" hidden="false" />
        <entry il="0xdf" row="37" col="4" file_ref="1" hidden="false" />
        <entry il="0xe7" row="37" col="6" file_ref="1" hidden="false" />
        <entry il="0xed" row="38" col="4" file_ref="1" hidden="false" />
        <entry il="0xf4" row="38" col="6" file_ref="1" hidden="false" />
        <entry il="0xfa" row="39" col="4" file_ref="1" hidden="false" />
        <entry il="0x101" row="39" col="4" file_ref="1" hidden="false" />
        <entry il="0x107" row="40" col="4" file_ref="1" hidden="false" />
        <entry il="0x10f" row="40" col="4" file_ref="1" hidden="false" />
        <entry il="0x115" row="41" col="4" file_ref="1" hidden="false" />
        <entry il="0x118" row="41" col="9" file_ref="1" hidden="false" />
        <entry il="0x122" row="41" col="9" file_ref="1" hidden="false" />
        <entry il="0x12c" row="42" col="5" file_ref="1" hidden="false" />
        <entry il="0x133" row="43" col="4" file_ref="1" hidden="false" />
        <entry il="0x13b" row="43" col="10" file_ref="1" hidden="false" />
        <entry il="0x146" row="44" col="5" file_ref="1" hidden="false" />
        <entry il="0x14d" row="45" col="4" file_ref="1" hidden="false" />
        <entry il="0x156" row="45" col="10" file_ref="1" hidden="false" />
        <entry il="0x161" row="46" col="5" file_ref="1" hidden="false" />
        <entry il="0x168" row="47" col="4" file_ref="1" hidden="false" />
        <entry il="0x16f" row="47" col="19" file_ref="1" hidden="false" />
        <entry il="0x179" row="48" col="5" file_ref="1" hidden="false" />
        <entry il="0x180" row="49" col="4" file_ref="1" hidden="false" />
        <entry il="0x187" row="49" col="11" file_ref="1" hidden="false" />
        <entry il="0x191" row="50" col="5" file_ref="1" hidden="false" />
        <entry il="0x199" row="51" col="11" file_ref="1" hidden="false" />
        <entry il="0x1a1" row="51" col="21" file_ref="1" hidden="false" />
        <entry il="0x1a8" row="52" col="4" file_ref="1" hidden="false" />
        <entry il="0x1ac" row="52" col="9" file_ref="1" hidden="false" />
        <entry il="0x1b6" row="53" col="5" file_ref="1" hidden="false" />
        <entry il="0x1be" row="54" col="4" file_ref="1" hidden="false" />
        <entry il="0x1c5" row="54" col="9" file_ref="1" hidden="false" />
        <entry il="0x1cd" row="54" col="24" file_ref="1" hidden="false" />
        <entry il="0x1d2" row="54" col="9" file_ref="1" hidden="false" />
        <entry il="0x1dc" row="55" col="5" file_ref="1" hidden="false" />
        <entry il="0x1e4" row="56" col="4" file_ref="1" hidden="false" />
        <entry il="0x1eb" row="56" col="9" file_ref="1" hidden="false" />
        <entry il="0x1f0" row="56" col="9" file_ref="1" hidden="false" />
        <entry il="0x1fa" row="57" col="5" file_ref="1" hidden="false" />
        <entry il="0x202" row="58" col="4" file_ref="1" hidden="false" />
        <entry il="0x20f" row="58" col="5" file_ref="1" hidden="false" />
        <entry il="0x214" row="59" col="4" file_ref="1" hidden="false" />
        <entry il="0x21b" row="59" col="9" file_ref="1" hidden="false" />
        <entry il="0x221" row="59" col="9" file_ref="1" hidden="false" />
        <entry il="0x22b" row="60" col="5" file_ref="1" hidden="false" />
        <entry il="0x233" row="65" col="10" file_ref="1" hidden="false" />
        <entry il="0x235" row="65" col="25" file_ref="1" hidden="false" />
        <entry il="0x23c" row="66" col="4" file_ref="1" hidden="false" />
        <entry il="0x240" row="66" col="6" file_ref="1" hidden="false" />
        <entry il="0x246" row="67" col="4" file_ref="1" hidden="false" />
        <entry il="0x249" row="67" col="6" file_ref="1" hidden="false" />
        <entry il="0x24f" row="68" col="4" file_ref="1" hidden="false" />
        <entry il="0x257" row="68" col="4" file_ref="1" hidden="false" />
        <entry il="0x25d" row="69" col="4" file_ref="1" hidden="false" />
        <entry il="0x264" row="69" col="4" file_ref="1" hidden="false" />
        <entry il="0x26a" row="70" col="4" file_ref="1" hidden="false" />
        <entry il="0x26d" row="70" col="9" file_ref="1" hidden="false" />
        <entry il="0x27e" row="70" col="9" file_ref="1" hidden="false" />
        <entry il="0x288" row="71" col="5" file_ref="1" hidden="false" />
        <entry il="0x290" row="72" col="4" file_ref="1" hidden="false" />
        <entry il="0x297" row="72" col="9" file_ref="1" hidden="false" />
        <entry il="0x2a8" row="72" col="9" file_ref="1" hidden="false" />
        <entry il="0x2b2" row="73" col="5" file_ref="1" hidden="false" />
        <entry il="0x2ba" row="74" col="11" file_ref="1" hidden="false" />
        <entry il="0x2bd" row="75" col="8" file_ref="1" hidden="false" />
        <entry il="0x2be" row="76" col="5" file_ref="1" hidden="false" />
        <entry il="0x2c5" row="76" col="12" file_ref="1" hidden="false" />
        <entry il="0x2cf" row="76" col="5" file_ref="1" hidden="false" />
        <entry il="0x2d4" row="77" col="4" file_ref="1" hidden="false" />
        <entry il="0x2d5" row="77" col="6" file_ref="1" hidden="false" />
        <entry il="0x2dc" row="77" col="31" file_ref="1" hidden="false" />
        <entry il="0x2dd" row="78" col="5" file_ref="1" hidden="false" />
        <entry il="0x2e1" row="79" col="4" file_ref="1" hidden="false" />
        <entry il="0x2e7" row="80" col="4" file_ref="1" hidden="false" />
        <entry il="0x2ee" row="81" col="5" file_ref="1" hidden="false" />
        <entry il="0x2f6" row="82" col="12" file_ref="1" hidden="false" />
        <entry il="0x2f9" row="83" col="8" file_ref="1" hidden="false" />
        <entry il="0x2fa" row="84" col="5" file_ref="1" hidden="false" />
        <entry il="0x302" row="84" col="6" file_ref="1" hidden="false" />
        <entry il="0x307" row="85" col="4" file_ref="1" hidden="false" />
        <entry il="0x308" row="85" col="6" file_ref="1" hidden="false" />
        <entry il="0x30f" row="85" col="32" file_ref="1" hidden="false" />
        <entry il="0x310" row="86" col="5" file_ref="1" hidden="false" />
        <entry il="0x314" row="87" col="4" file_ref="1" hidden="false" />
        <entry il="0x31a" row="88" col="4" file_ref="1" hidden="false" />
        <entry il="0x321" row="89" col="5" file_ref="1" hidden="false" />
        <entry il="0x329" row="90" col="4" file_ref="1" hidden="false" />
        <entry il="0x332" row="90" col="5" file_ref="1" hidden="false" />
        <entry il="0x337" row="91" col="4" file_ref="1" hidden="false" />
        <entry il="0x33e" row="91" col="9" file_ref="1" hidden="false" />
        <entry il="0x34b" row="91" col="25" file_ref="1" hidden="false" />
        <entry il="0x355" row="91" col="9" file_ref="1" hidden="false" />
        <entry il="0x35f" row="92" col="5" file_ref="1" hidden="false" />
        <entry il="0x367" row="93" col="4" file_ref="1" hidden="false" />
        <entry il="0x36e" row="93" col="19" file_ref="1" hidden="false" />
        <entry il="0x378" row="94" col="5" file_ref="1" hidden="false" />
        <entry il="0x380" row="95" col="4" file_ref="1" hidden="false" />
        <entry il="0x387" row="95" col="11" file_ref="1" hidden="false" />
        <entry il="0x391" row="96" col="5" file_ref="1" hidden="false" />
        <entry il="0x399" row="97" col="4" file_ref="1" hidden="false" />
        <entry il="0x39b" row="97" col="10" file_ref="1" hidden="false" />
        <entry il="0x3a6" row="98" col="5" file_ref="1" hidden="false" />
        <entry il="0x3ae" row="101" col="4" file_ref="1" hidden="false" />
        <entry il="0x3d5" row="102" col="4" file_ref="1" hidden="false" />
        <entry il="0x3d7" row="102" col="10" file_ref="1" hidden="false" />
        <entry il="0x3e2" row="103" col="5" file_ref="1" hidden="false" />
        <entry il="0x3ea" row="104" col="4" file_ref="1" hidden="false" />
        <entry il="0x3ed" row="104" col="9" file_ref="1" hidden="false" />
        <entry il="0x3fd" row="104" col="9" file_ref="1" hidden="false" />
        <entry il="0x407" row="105" col="5" file_ref="1" hidden="false" />
        <entry il="0x40f" row="107" col="4" file_ref="1" hidden="false" />
        <entry il="0x416" row="108" col="3" file_ref="1" hidden="false" />
      </sequencepoints>
      <locals>
        <entry name="key" il_index="0" scope_ref="0" />
        <entry name="value" il_index="1" scope_ref="0" />
        <entry name="dict" il_index="2" scope_ref="0" />
        <entry name="typedDict" il_index="4" scope_ref="0" />
        <entry name="a" il_index="5" scope_ref="0" />
        <entry name="a2" il_index="6" scope_ref="0" />
        <entry name="v" il_index="7" scope_ref="0" />
        <entry name="re" il_index="8" scope_ref="0" />
        <entry name="e" il_index="9" scope_ref="0" />
        <entry name="re2" il_index="10" scope_ref="0" />
        <entry name="e2" il_index="11" scope_ref="0" />
      </locals>
      <scopes>
        <entry index="0" start="0x2be" end="0x2d4" />
        <entry index="1" start="0x2dd" end="0x2e1" />
        <entry index="2" start="0x2fa" end="0x307" />
        <entry index="3" start="0x310" end="0x314" />
      </scopes>
    </method>
    <method token="0x6000003">
      <sequencepoints>
        <entry il="0x0" row="111" col="3" file_ref="1" hidden="false" />
        <entry il="0x1" row="112" col="4" file_ref="1" hidden="false" />
        <entry il="0x3" row="112" col="14" file_ref="1" hidden="false" />
        <entry il="0xd" row="113" col="5" file_ref="1" hidden="false" />
        <entry il="0x14" row="114" col="4" file_ref="1" hidden="false" />
        <entry il="0x16" row="114" col="35" file_ref="1" hidden="false" />
        <entry il="0x1b" row="114" col="20" file_ref="1" hidden="false" />
        <entry il="0x25" row="115" col="5" file_ref="1" hidden="false" />
        <entry il="0x2c" row="116" col="4" file_ref="1" hidden="false" />
        <entry il="0x33" row="117" col="3" file_ref="1" hidden="false" />
      </sequencepoints>
      <locals />
      <scopes />
    </method>
    <method token="0x6000004">
      <sequencepoints>
        <entry il="0x0" row="120" col="3" file_ref="1" hidden="false" />
        <entry il="0x1" row="121" col="4" file_ref="1" hidden="false" />
        <entry il="0x2" row="121" col="14" file_ref="1" hidden="false" />
        <entry il="0x8" row="121" col="30" file_ref="1" hidden="false" />
        <entry il="0x12" row="122" col="5" file_ref="1" hidden="false" />
        <entry il="0x19" row="123" col="15" file_ref="1" hidden="false" />
        <entry il="0x1a" row="123" col="27" file_ref="1" hidden="false" />
        <entry il="0x21" row="124" col="15" file_ref="1" hidden="false" />
        <entry il="0x28" row="124" col="41" file_ref="1" hidden="false" />
        <entry il="0x29" row="125" col="5" file_ref="1" hidden="false" />
        <entry il="0x2b" row="125" col="14" file_ref="1" hidden="false" />
        <entry il="0x32" row="125" col="26" file_ref="1" hidden="false" />
        <entry il="0x37" row="125" col="14" file_ref="1" hidden="false" />
        <entry il="0x41" row="126" col="6" file_ref="1" hidden="false" />
        <entry il="0x48" row="127" col="4" file_ref="1" hidden="false" />
        <entry il="0x49" row="124" col="36" file_ref="1" hidden="false" />
        <entry il="0x4d" row="124" col="24" file_ref="1" hidden="false" />
        <entry il="0x54" row="128" col="4" file_ref="1" hidden="false" />
        <entry il="0x5b" row="129" col="3" file_ref="1" hidden="false" />
      </sequencepoints>
      <locals>
        <entry name="length" il_index="1" scope_ref="0" />
        <entry name="i" il_index="2" scope_ref="1" />
      </locals>
      <scopes>
        <entry index="0" start="0x21" end="0x54" />
        <entry index="1" start="0x29" end="0x48" />
      </scopes>
    </method>
  </methods>
</symbols>