<?xml version="1.0" encoding="utf-8"?>
<symbols>
  <files>
    <file id="1" name="test-debug-DivideByZeroTest.as" checksum="eb1dbc86b683eaa788daa87116d88877" />
  </files>
  <methods>
    <method token="0x6000001">
      <sequencepoints />
      <locals />
      <scopes />
    </method>
    <method token="0x6000002">
      <sequencepoints>
        <entry il="0x0" row="14" col="43" file_ref="1" hidden="false" />
        <entry il="0x1" row="15" col="6" file_ref="1" hidden="false" />
        <entry il="0x7" row="16" col="19" file_ref="1" hidden="false" />
        <entry il="0x11" row="17" col="19" file_ref="1" hidden="false" />
        <entry il="0x1b" row="18" col="13" file_ref="1" hidden="false" />
        <entry il="0x29" row="18" col="79" file_ref="1" hidden="false" />
        <entry il="0x33" row="18" col="20" file_ref="1" hidden="false" />
        <entry il="0x39" row="19" col="13" file_ref="1" hidden="false" />
        <entry il="0x47" row="19" col="79" file_ref="1" hidden="false" />
        <entry il="0x51" row="19" col="20" file_ref="1" hidden="false" />
        <entry il="0x57" row="20" col="13" file_ref="1" hidden="false" />
        <entry il="0x62" row="21" col="9" file_ref="1" hidden="false" />
      </sequencepoints>
      <locals>
        <entry name="x" il_index="0" scope_ref="0" />
        <entry name="y" il_index="1" scope_ref="0" />
      </locals>
      <scopes />
    </method>
  </methods>
</symbols>