<?xml version="1.0" encoding="utf-8"?>
<symbols>
  <files>
    <file id="1" name="test-debug-FunctionTest.as" checksum="1cbef0ef08cbe52a3be9643bd651e4bd" />
  </files>
  <methods>
    <method token="0x6000001">
      <sequencepoints />
      <locals />
      <scopes />
    </method>
    <method token="0x6000002">
      <sequencepoints>
        <entry il="0x0" row="5" col="51" file_ref="1" hidden="false" />
        <entry il="0x1" row="5" col="51" file_ref="1" hidden="false" />
        <entry il="0x7" row="5" col="51" file_ref="1" hidden="false" />
        <entry il="0x8" row="5" col="53" file_ref="1" hidden="false" />
        <entry il="0x9" row="5" col="65" file_ref="1" hidden="false" />
        <entry il="0x14" row="5" col="77" file_ref="1" hidden="false" />
      </sequencepoints>
      <locals>
        <entry name="args" il_index="0" scope_ref="0" />
      </locals>
      <scopes />
    </method>
    <method token="0x6000003">
      <sequencepoints>
        <entry il="0x0" row="8" col="3" file_ref="1" hidden="false" />
        <entry il="0x1" row="11" col="10" file_ref="1" hidden="false" />
        <entry il="0x1f" row="13" col="4" file_ref="1" hidden="false" />
        <entry il="0x25" row="13" col="4" file_ref="1" hidden="false" />
        <entry il="0x2a" row="14" col="4" file_ref="1" hidden="false" />
        <entry il="0x31" row="15" col="3" file_ref="1" hidden="false" />
      </sequencepoints>
      <locals>
        <entry name="f" il_index="0" scope_ref="0" />
      </locals>
      <scopes />
    </method>
  </methods>
</symbols>