<?xml version="1.0" encoding="utf-8"?>
<symbols>
  <files>
    <file id="1" name="test-debug-Undef.as" checksum="58456267be395553c0cad4cc133c4ab1" />
  </files>
  <methods>
    <method token="0x6000001">
      <sequencepoints />
      <locals />
      <scopes />
    </method>
    <method token="0x6000002">
      <sequencepoints>
        <entry il="0x0" row="7" col="3" file_ref="1" hidden="false" />
        <entry il="0x1" row="8" col="11" file_ref="1" hidden="false" />
        <entry il="0x12" row="8" col="19" file_ref="1" hidden="false" />
        <entry il="0x18" row="9" col="16" file_ref="1" hidden="false" />
        <entry il="0x1a" row="9" col="27" file_ref="1" hidden="false" />
        <entry il="0x20" row="15" col="3" file_ref="1" hidden="false" />
      </sequencepoints>
      <locals>
        <entry name="a1" il_index="0" scope_ref="0" />
        <entry name="iAmNull" il_index="1" scope_ref="0" />
      </locals>
      <scopes />
    </method>
  </methods>
</symbols>