<?xml version="1.0" encoding="utf-8"?>
<symbols>
  <files>
    <file id="1" name="test-debug-NumberIsFloatTest.as" checksum="743ed859072784cb88f3e9ef25757880" />
  </files>
  <methods>
    <method token="0x6000001">
      <sequencepoints>
        <entry il="0x0" row="33" col="3" file_ref="1" hidden="false" />
        <entry il="0x1" row="34" col="4" file_ref="1" hidden="false" />
        <entry il="0xd" row="35" col="3" file_ref="1" hidden="false" />
      </sequencepoints>
      <locals />
      <scopes />
    </method>
    <method token="0x6000002">
      <sequencepoints>
        <entry il="0x0" row="38" col="3" file_ref="1" hidden="false" />
        <entry il="0x1" row="39" col="4" file_ref="1" hidden="false" />
        <entry il="0x8" row="40" col="3" file_ref="1" hidden="false" />
      </sequencepoints>
      <locals />
      <scopes />
    </method>
    <method token="0x6000003">
      <sequencepoints>
        <entry il="0x0" row="10" col="22" file_ref="1" hidden="false" />
      </sequencepoints>
      <locals />
      <scopes />
    </method>
    <method token="0x6000004">
      <sequencepoints>
        <entry il="0x0" row="13" col="3" file_ref="1" hidden="false" />
        <entry il="0x1" row="14" col="4" file_ref="1" hidden="false" />
        <entry il="0x11" row="15" col="4" file_ref="1" hidden="false" />
        <entry il="0x12" row="16" col="5" file_ref="1" hidden="false" />
        <entry il="0x25" row="18" col="9" file_ref="1" hidden="false" />
        <entry il="0x30" row="19" col="4" file_ref="1" hidden="false" />
        <entry il="0x31" row="20" col="5" file_ref="1" hidden="false" />
        <entry il="0x53" row="22" col="9" file_ref="1" hidden="false" />
        <entry il="0x5e" row="23" col="4" file_ref="1" hidden="false" />
        <entry il="0x5f" row="24" col="5" file_ref="1" hidden="false" />
        <entry il="0x81" row="27" col="4" file_ref="1" hidden="false" />
        <entry il="0x82" row="28" col="5" file_ref="1" hidden="false" />
        <entry il="0xa4" row="30" col="3" file_ref="1" hidden="false" />
      </sequencepoints>
      <locals />
      <scopes>
        <entry index="0" start="0x12" end="0x25" />
        <entry index="1" start="0x31" end="0x53" />
        <entry index="2" start="0x5f" end="0x81" />
        <entry index="3" start="0x82" end="0xa4" />
      </scopes>
    </method>
    <method token="0x6000005">
      <sequencepoints>
        <entry il="0x0" row="43" col="3" file_ref="1" hidden="false" />
        <entry il="0x1" row="44" col="3" file_ref="1" hidden="false" />
      </sequencepoints>
      <locals />
      <scopes />
    </method>
    <method token="0x6000006">
      <sequencepoints>
        <entry il="0x0" row="47" col="3" file_ref="1" hidden="false" />
        <entry il="0x1" row="49" col="10" file_ref="1" hidden="false" />
        <entry il="0x7" row="50" col="4" file_ref="1" hidden="false" />
        <entry il="0x8" row="50" col="13" file_ref="1" hidden="false" />
        <entry il="0xe" row="52" col="4" file_ref="1" hidden="false" />
        <entry il="0x14" row="53" col="4" file_ref="1" hidden="false" />
        <entry il="0x15" row="53" col="13" file_ref="1" hidden="false" />
        <entry il="0x1b" row="55" col="37" file_ref="1" hidden="false" />
        <entry il="0x21" row="56" col="4" file_ref="1" hidden="false" />
        <entry il="0x29" row="57" col="4" file_ref="1" hidden="false" />
        <entry il="0x2b" row="57" col="13" file_ref="1" hidden="false" />
        <entry il="0x31" row="59" col="4" file_ref="1" hidden="false" />
        <entry il="0x32" row="59" col="34" file_ref="1" hidden="false" />
        <entry il="0x37" row="59" col="13" file_ref="1" hidden="false" />
        <entry il="0x3d" row="60" col="4" file_ref="1" hidden="false" />
        <entry il="0x43" row="60" col="13" file_ref="1" hidden="false" />
        <entry il="0x48" row="61" col="4" file_ref="1" hidden="false" />
        <entry il="0x49" row="61" col="34" file_ref="1" hidden="false" />
        <entry il="0x4e" row="61" col="13" file_ref="1" hidden="false" />
        <entry il="0x54" row="62" col="3" file_ref="1" hidden="false" />
      </sequencepoints>
      <locals>
        <entry name="result" il_index="0" scope_ref="0" />
        <entry name="i" il_index="1" scope_ref="0" />
        <entry name="num" il_index="2" scope_ref="0" />
        <entry name="instance" il_index="3" scope_ref="0" />
        <entry name="j" il_index="4" scope_ref="0" />
      </locals>
      <scopes />
    </method>
    <method token="0x6000007">
      <sequencepoints>
        <entry il="0x0" row="65" col="3" file_ref="1" hidden="false" />
        <entry il="0x1" row="66" col="4" file_ref="1" hidden="false" />
        <entry il="0x3" row="66" col="24" file_ref="1" hidden="false" />
        <entry il="0xf" row="67" col="3" file_ref="1" hidden="false" />
      </sequencepoints>
      <locals />
      <scopes />
    </method>
    <method token="0x6000008">
      <sequencepoints>
        <entry il="0x0" row="8" col="28" file_ref="1" hidden="false" />
      </sequencepoints>
      <locals />
      <scopes />
    </method>
    <method token="0x600000c">
      <sequencepoints />
      <locals />
      <scopes />
    </method>
    <method token="0x600000d">
      <sequencepoints>
        <entry il="0x0" row="84" col="2" file_ref="1" hidden="false" />
        <entry il="0x1" row="85" col="3" file_ref="1" hidden="false" />
        <entry il="0x7" row="85" col="3" file_ref="1" hidden="false" />
        <entry il="0xc" row="86" col="3" file_ref="1" hidden="false" />
        <entry il="0xe" row="86" col="21" file_ref="1" hidden="false" />
        <entry il="0x16" row="87" col="3" file_ref="1" hidden="false" />
        <entry il="0x1d" row="88" col="2" file_ref="1" hidden="false" />
      </sequencepoints>
      <locals />
      <scopes />
    </method>
    <method token="0x600000e">
      <sequencepoints />
      <locals />
      <scopes />
    </method>
    <method token="0x600000f">
      <sequencepoints>
        <entry il="0x0" row="95" col="2" file_ref="1" hidden="false" />
        <entry il="0x1" row="96" col="3" file_ref="1" hidden="false" />
        <entry il="0x7" row="96" col="3" file_ref="1" hidden="false" />
        <entry il="0xc" row="97" col="3" file_ref="1" hidden="false" />
        <entry il="0x13" row="98" col="2" file_ref="1" hidden="false" />
      </sequencepoints>
      <locals />
      <scopes />
    </method>
  </methods>
</symbols>