<?xml version="1.0" encoding="utf-8"?>
<symbols>
  <files>
    <file id="1" name="test-debug-as-I64-6.as" checksum="07ccf2befb1280e890dd834bccbd3d83" />
  </files>
  <methods>
    <method token="0x6000001">
      <sequencepoints />
      <locals />
      <scopes />
    </method>
    <method token="0x6000002">
      <sequencepoints>
        <entry il="0x0" row="8" col="43" file_ref="1" hidden="false" />
        <entry il="0x1" row="9" col="3" file_ref="1" hidden="false" />
        <entry il="0x2d" row="9" col="8" file_ref="1" hidden="false" />
        <entry il="0x37" row="9" col="17" file_ref="1" hidden="false" />
        <entry il="0x38" row="10" col="4" file_ref="1" hidden="false" />
        <entry il="0x42" row="10" col="4" file_ref="1" hidden="false" />
        <entry il="0x47" row="11" col="4" file_ref="1" hidden="false" />
        <entry il="0x51" row="11" col="4" file_ref="1" hidden="false" />
        <entry il="0x56" row="12" col="4" file_ref="1" hidden="false" />
        <entry il="0x5d" row="15" col="3" file_ref="1" hidden="false" />
        <entry il="0x64" row="16" col="9" file_ref="1" hidden="false" />
      </sequencepoints>
      <locals />
      <scopes>
        <entry index="0" start="0x38" end="0x5d" />
      </scopes>
    </method>
    <method token="0x6000003">
      <sequencepoints>
        <entry il="0x0" row="5" col="15" file_ref="1" hidden="false" />
        <entry il="0xe" row="6" col="15" file_ref="1" hidden="false" />
      </sequencepoints>
      <locals />
      <scopes />
    </method>
  </methods>
</symbols>