<?xml version="1.0" encoding="utf-8"?>
<symbols>
  <files>
    <file id="1" name="test-debug-DynamicBinaryArithmeticTest.as" checksum="a2b8d24b57400eecc097b86ff3449acc" />
  </files>
  <methods>
    <method token="0x6000001">
      <sequencepoints />
      <locals />
      <scopes />
    </method>
    <method token="0x6000002">
      <sequencepoints>
        <entry il="0x0" row="7" col="9" file_ref="1" hidden="false" />
        <entry il="0x1" row="10" col="10" file_ref="1" hidden="false" />
        <entry il="0x7" row="11" col="4" file_ref="1" hidden="false" />
        <entry il="0x9" row="11" col="8" file_ref="1" hidden="false" />
        <entry il="0xe" row="11" col="8" file_ref="1" hidden="false" />
        <entry il="0x18" row="11" col="8" file_ref="1" hidden="false" />
        <entry il="0x22" row="12" col="5" file_ref="1" hidden="false" />
        <entry il="0x29" row="13" col="4" file_ref="1" hidden="false" />
        <entry il="0x2a" row="13" col="17" file_ref="1" hidden="false" />
        <entry il="0x2f" row="13" col="8" file_ref="1" hidden="false" />
        <entry il="0x35" row="13" col="8" file_ref="1" hidden="false" />
        <entry il="0x3b" row="13" col="8" file_ref="1" hidden="false" />
        <entry il="0x45" row="14" col="5" file_ref="1" hidden="false" />
        <entry il="0x4c" row="15" col="4" file_ref="1" hidden="false" />
        <entry il="0x56" row="15" col="8" file_ref="1" hidden="false" />
        <entry il="0x5b" row="15" col="8" file_ref="1" hidden="false" />
        <entry il="0x65" row="15" col="8" file_ref="1" hidden="false" />
        <entry il="0x6f" row="16" col="5" file_ref="1" hidden="false" />
        <entry il="0x76" row="17" col="4" file_ref="1" hidden="false" />
        <entry il="0x7c" row="17" col="8" file_ref="1" hidden="false" />
        <entry il="0x81" row="17" col="8" file_ref="1" hidden="false" />
        <entry il="0x8b" row="17" col="8" file_ref="1" hidden="false" />
        <entry il="0x95" row="18" col="5" file_ref="1" hidden="false" />
        <entry il="0x9c" row="19" col="4" file_ref="1" hidden="false" />
        <entry il="0x9d" row="19" col="24" file_ref="1" hidden="false" />
        <entry il="0xa2" row="19" col="15" file_ref="1" hidden="false" />
        <entry il="0xac" row="19" col="15" file_ref="1" hidden="false" />
        <entry il="0xb1" row="19" col="15" file_ref="1" hidden="false" />
        <entry il="0xb6" row="19" col="9" file_ref="1" hidden="false" />
        <entry il="0xc0" row="20" col="5" file_ref="1" hidden="false" />
        <entry il="0xc7" row="21" col="4" file_ref="1" hidden="false" />
        <entry il="0xce" row="22" col="3" file_ref="1" hidden="false" />
      </sequencepoints>
      <locals>
        <entry name="o" il_index="0" scope_ref="0" />
      </locals>
      <scopes />
    </method>
  </methods>
</symbols>