<?xml version="1.0" encoding="utf-8"?>
<symbols>
  <files>
    <file id="1" name="test-debug-VarArgsTest.as" checksum="82ed15708d7433fbc549cc8e97b38cfa" />
  </files>
  <methods>
    <method token="0x6000001">
      <sequencepoints />
      <locals />
      <scopes />
    </method>
    <method token="0x6000002">
      <sequencepoints>
        <entry il="0x0" row="10" col="3" file_ref="1" hidden="false" />
        <entry il="0x1" row="10" col="3" file_ref="1" hidden="false" />
        <entry il="0x7" row="10" col="3" file_ref="1" hidden="false" />
        <entry il="0x8" row="11" col="4" file_ref="1" hidden="false" />
        <entry il="0x13" row="11" col="116" file_ref="1" hidden="false" />
        <entry il="0x18" row="11" col="11" file_ref="1" hidden="false" />
        <entry il="0x1e" row="12" col="4" file_ref="1" hidden="false" />
        <entry il="0x2b" row="12" col="4" file_ref="1" hidden="false" />
        <entry il="0x30" row="13" col="4" file_ref="1" hidden="false" />
        <entry il="0x3f" row="14" col="3" file_ref="1" hidden="false" />
      </sequencepoints>
      <locals>
        <entry name="rest" il_index="0" scope_ref="0" />
      </locals>
      <scopes />
    </method>
    <method token="0x6000003">
      <sequencepoints>
        <entry il="0x0" row="17" col="3" file_ref="1" hidden="false" />
        <entry il="0x1" row="18" col="4" file_ref="1" hidden="false" />
        <entry il="0x19" row="18" col="8" file_ref="1" hidden="false" />
        <entry il="0x2c" row="19" col="5" file_ref="1" hidden="false" />
        <entry il="0x33" row="20" col="4" file_ref="1" hidden="false" />
        <entry il="0x53" row="20" col="8" file_ref="1" hidden="false" />
        <entry il="0x66" row="21" col="5" file_ref="1" hidden="false" />
        <entry il="0x6d" row="22" col="4" file_ref="1" hidden="false" />
        <entry il="0x95" row="22" col="8" file_ref="1" hidden="false" />
        <entry il="0xa8" row="23" col="5" file_ref="1" hidden="false" />
        <entry il="0xaf" row="24" col="4" file_ref="1" hidden="false" />
        <entry il="0xb4" row="24" col="4" file_ref="1" hidden="false" />
        <entry il="0xb9" row="25" col="4" file_ref="1" hidden="false" />
        <entry il="0xc0" row="26" col="3" file_ref="1" hidden="false" />
      </sequencepoints>
      <locals />
      <scopes />
    </method>
  </methods>
</symbols>