<?xml version="1.0" encoding="utf-8"?>
<symbols>
  <files>
    <file id="1" name="test-debug-008.as" checksum="aef36649dab6da503a23b9a4d22a62fe" />
  </files>
  <methods>
    <method token="0x6000001">
      <sequencepoints />
      <locals />
      <scopes />
    </method>
    <method token="0x6000002">
      <sequencepoints>
        <entry il="0x0" row="9" col="43" file_ref="1" hidden="false" />
        <entry il="0x1" row="10" col="19" file_ref="1" hidden="false" />
        <entry il="0x4f" row="10" col="28" file_ref="1" hidden="false" />
        <entry il="0x55" row="11" col="13" file_ref="1" hidden="false" />
        <entry il="0x5c" row="12" col="9" file_ref="1" hidden="false" />
      </sequencepoints>
      <locals>
        <entry name="d" il_index="0" scope_ref="0" />
      </locals>
      <scopes />
    </method>
  </methods>
</symbols>