<?xml version="1.0" encoding="utf-8"?>
<symbols>
  <files>
    <file id="1" name="test-debug-InternalClassTest.as" checksum="7fdc97c3c0532a11f5547d0e587ee3c5" />
  </files>
  <methods>
    <method token="0x6000001">
      <sequencepoints>
        <entry il="0x0" row="5" col="19" file_ref="1" hidden="false" />
        <entry il="0x6" row="6" col="3" file_ref="1" hidden="false" />
        <entry il="0x7" row="7" col="3" file_ref="1" hidden="false" />
      </sequencepoints>
      <locals />
      <scopes />
    </method>
    <method token="0x6000002">
      <sequencepoints>
        <entry il="0x0" row="9" col="19" file_ref="1" hidden="false" />
        <entry il="0x6" row="10" col="3" file_ref="1" hidden="false" />
        <entry il="0x7" row="11" col="3" file_ref="1" hidden="false" />
      </sequencepoints>
      <locals />
      <scopes />
    </method>
    <method token="0x6000003">
      <sequencepoints>
        <entry il="0x0" row="14" col="3" file_ref="1" hidden="false" />
        <entry il="0x1" row="15" col="4" file_ref="1" hidden="false" />
        <entry il="0x8" row="16" col="3" file_ref="1" hidden="false" />
      </sequencepoints>
      <locals />
      <scopes />
    </method>
    <method token="0x6000004">
      <sequencepoints />
      <locals />
      <scopes />
    </method>
    <method token="0x6000005">
      <sequencepoints />
      <locals />
      <scopes />
    </method>
  </methods>
</symbols>