<?xml version="1.0" encoding="utf-8"?>
<symbols>
  <files>
    <file id="1" name="test-debug-001.as" checksum="2ad31c116b37ad3aa4cae56960d2d2c8" />
  </files>
  <methods>
    <method token="0x6000001">
      <sequencepoints>
        <entry il="0x0" row="34" col="25" file_ref="1" hidden="false" />
        <entry il="0x6" row="34" col="32" file_ref="1" hidden="false" />
        <entry il="0x7" row="35" col="13" file_ref="1" hidden="false" />
        <entry il="0xc" row="35" col="13" file_ref="1" hidden="false" />
        <entry il="0x11" row="36" col="9" file_ref="1" hidden="false" />
      </sequencepoints>
      <locals />
      <scopes />
    </method>
    <method token="0x6000002">
      <sequencepoints>
        <entry il="0x0" row="43" col="22" file_ref="1" hidden="false" />
        <entry il="0x8" row="44" col="22" file_ref="1" hidden="false" />
        <entry il="0x10" row="45" col="22" file_ref="1" hidden="false" />
        <entry il="0x1f" row="46" col="22" file_ref="1" hidden="false" />
        <entry il="0x26" row="47" col="22" file_ref="1" hidden="false" />
        <entry il="0x31" row="49" col="22" file_ref="1" hidden="false" />
        <entry il="0x32" row="49" col="30" file_ref="1" hidden="false" />
        <entry il="0x38" row="49" col="31" file_ref="1" hidden="false" />
        <entry il="0x40" row="49" col="31" file_ref="1" hidden="false" />
        <entry il="0x45" row="49" col="36" file_ref="1" hidden="false" />
        <entry il="0x50" row="49" col="36" file_ref="1" hidden="false" />
        <entry il="0x55" row="49" col="41" file_ref="1" hidden="false" />
        <entry il="0x60" row="49" col="41" file_ref="1" hidden="false" />
        <entry il="0x65" row="49" col="46" file_ref="1" hidden="false" />
        <entry il="0x6b" row="49" col="46" file_ref="1" hidden="false" />
        <entry il="0x70" row="49" col="58" file_ref="1" hidden="false" />
        <entry il="0x77" row="49" col="58" file_ref="1" hidden="false" />
        <entry il="0x7c" row="49" col="64" file_ref="1" hidden="false" />
        <entry il="0x83" row="49" col="64" file_ref="1" hidden="false" />
        <entry il="0x88" row="49" col="71" file_ref="1" hidden="false" />
        <entry il="0x8a" row="49" col="71" file_ref="1" hidden="false" />
        <entry il="0x8f" row="49" col="77" file_ref="1" hidden="false" />
        <entry il="0x90" row="49" col="77" file_ref="1" hidden="false" />
        <entry il="0x96" row="49" col="78" file_ref="1" hidden="false" />
        <entry il="0xbd" row="49" col="86" file_ref="1" hidden="false" />
        <entry il="0xf8" row="49" col="100" file_ref="1" hidden="false" />
        <entry il="0x14c" row="49" col="77" file_ref="1" hidden="false" />
        <entry il="0x157" row="59" col="24" file_ref="1" hidden="false" />
        <entry il="0x169" row="59" col="49" file_ref="1" hidden="false" />
        <entry il="0x173" row="60" col="24" file_ref="1" hidden="false" />
        <entry il="0x185" row="60" col="51" file_ref="1" hidden="false" />
        <entry il="0x18f" row="61" col="24" file_ref="1" hidden="false" />
        <entry il="0x1a1" row="61" col="55" file_ref="1" hidden="false" />
        <entry il="0x1ab" row="62" col="24" file_ref="1" hidden="false" />
        <entry il="0x1b6" row="62" col="57" file_ref="1" hidden="false" />
        <entry il="0x1c0" row="63" col="24" file_ref="1" hidden="false" />
        <entry il="0x1df" row="63" col="55" file_ref="1" hidden="false" />
        <entry il="0x1e9" row="64" col="24" file_ref="1" hidden="false" />
        <entry il="0x1ec" row="64" col="53" file_ref="1" hidden="false" />
        <entry il="0x1f2" row="64" col="54" file_ref="1" hidden="false" />
        <entry il="0x211" row="64" col="54" file_ref="1" hidden="false" />
        <entry il="0x216" row="64" col="54" file_ref="1" hidden="false" />
        <entry il="0x21b" row="64" col="86" file_ref="1" hidden="false" />
        <entry il="0x22d" row="64" col="86" file_ref="1" hidden="false" />
        <entry il="0x232" row="64" col="86" file_ref="1" hidden="false" />
        <entry il="0x237" row="64" col="97" file_ref="1" hidden="false" />
        <entry il="0x242" row="64" col="97" file_ref="1" hidden="false" />
        <entry il="0x247" row="64" col="97" file_ref="1" hidden="false" />
        <entry il="0x252" row="66" col="25" file_ref="1" hidden="false" />
        <entry il="0x258" row="66" col="32" file_ref="1" hidden="false" />
        <entry il="0x259" row="67" col="13" file_ref="1" hidden="false" />
        <entry il="0x25e" row="67" col="13" file_ref="1" hidden="false" />
        <entry il="0x263" row="68" col="9" file_ref="1" hidden="false" />
      </sequencepoints>
      <locals />
      <scopes />
    </method>
    <method token="0x6000003">
      <sequencepoints>
        <entry il="0x0" row="98" col="25" file_ref="1" hidden="false" />
        <entry il="0x6" row="98" col="32" file_ref="1" hidden="false" />
        <entry il="0x7" row="99" col="13" file_ref="1" hidden="false" />
        <entry il="0xc" row="99" col="13" file_ref="1" hidden="false" />
        <entry il="0x11" row="100" col="9" file_ref="1" hidden="false" />
      </sequencepoints>
      <locals />
      <scopes />
    </method>
    <method token="0x6000004">
      <sequencepoints>
        <entry il="0x0" row="81" col="24" file_ref="1" hidden="false" />
        <entry il="0x125" row="91" col="26" file_ref="1" hidden="false" />
        <entry il="0x140" row="92" col="26" file_ref="1" hidden="false" />
        <entry il="0x15b" row="93" col="26" file_ref="1" hidden="false" />
        <entry il="0x176" row="94" col="26" file_ref="1" hidden="false" />
        <entry il="0x18a" row="95" col="26" file_ref="1" hidden="false" />
        <entry il="0x1b2" row="96" col="26" file_ref="1" hidden="false" />
      </sequencepoints>
      <locals />
      <scopes />
    </method>
    <method token="0x6000005">
      <sequencepoints>
        <entry il="0x0" row="130" col="25" file_ref="1" hidden="false" />
        <entry il="0x6" row="130" col="32" file_ref="1" hidden="false" />
        <entry il="0x7" row="131" col="13" file_ref="1" hidden="false" />
        <entry il="0xc" row="131" col="13" file_ref="1" hidden="false" />
        <entry il="0x11" row="132" col="9" file_ref="1" hidden="false" />
      </sequencepoints>
      <locals />
      <scopes />
    </method>
    <method token="0x6000006">
      <sequencepoints>
        <entry il="0x0" row="113" col="31" file_ref="1" hidden="false" />
        <entry il="0x125" row="123" col="33" file_ref="1" hidden="false" />
        <entry il="0x140" row="124" col="33" file_ref="1" hidden="false" />
        <entry il="0x15b" row="125" col="33" file_ref="1" hidden="false" />
        <entry il="0x176" row="126" col="33" file_ref="1" hidden="false" />
        <entry il="0x18a" row="127" col="33" file_ref="1" hidden="false" />
        <entry il="0x1b2" row="128" col="33" file_ref="1" hidden="false" />
      </sequencepoints>
      <locals />
      <scopes />
    </method>
    <method token="0x6000007">
      <sequencepoints />
      <locals />
      <scopes />
    </method>
    <method token="0x6000008">
      <sequencepoints>
        <entry il="0x0" row="137" col="43" file_ref="1" hidden="false" />
        <entry il="0x1" row="138" col="13" file_ref="1" hidden="false" />
        <entry il="0x6" row="138" col="13" file_ref="1" hidden="false" />
        <entry il="0xb" row="139" col="13" file_ref="1" hidden="false" />
        <entry il="0x12" row="140" col="9" file_ref="1" hidden="false" />
      </sequencepoints>
      <locals />
      <scopes />
    </method>
  </methods>
</symbols>