<?xml version="1.0" encoding="utf-8"?>
<symbols>
  <files>
    <file id="1" name="test-debug-004.as" checksum="a6f4773e51519eb19271a958dbc2cf85" />
  </files>
  <methods>
    <method token="0x6000001">
      <sequencepoints />
      <locals />
      <scopes />
    </method>
    <method token="0x6000002">
      <sequencepoints>
        <entry il="0x0" row="59" col="41" file_ref="1" hidden="false" />
        <entry il="0x1" row="61" col="13" file_ref="1" hidden="false" />
        <entry il="0x8" row="62" col="9" file_ref="1" hidden="false" />
      </sequencepoints>
      <locals />
      <scopes />
    </method>
    <method token="0x6000003">
      <sequencepoints>
        <entry il="0x0" row="64" col="42" file_ref="1" hidden="false" />
        <entry il="0x1" row="65" col="13" file_ref="1" hidden="false" />
        <entry il="0x8" row="66" col="9" file_ref="1" hidden="false" />
      </sequencepoints>
      <locals />
      <scopes />
    </method>
    <method token="0x6000004">
      <sequencepoints>
        <entry il="0x0" row="68" col="45" file_ref="1" hidden="false" />
        <entry il="0x1" row="69" col="13" file_ref="1" hidden="false" />
        <entry il="0xd" row="70" col="9" file_ref="1" hidden="false" />
      </sequencepoints>
      <locals />
      <scopes />
    </method>
    <method token="0x6000005">
      <sequencepoints>
        <entry il="0x0" row="72" col="51" file_ref="1" hidden="false" />
        <entry il="0x1" row="73" col="13" file_ref="1" hidden="false" />
        <entry il="0x8" row="74" col="9" file_ref="1" hidden="false" />
      </sequencepoints>
      <locals />
      <scopes />
    </method>
    <method token="0x6000006">
      <sequencepoints>
        <entry il="0x0" row="14" col="28" file_ref="1" hidden="false" />
      </sequencepoints>
      <locals />
      <scopes />
    </method>
    <method token="0x6000007">
      <sequencepoints>
        <entry il="0x0" row="16" col="34" file_ref="1" hidden="false" />
        <entry il="0x1" row="17" col="13" file_ref="1" hidden="false" />
        <entry il="0x18" row="18" col="9" file_ref="1" hidden="false" />
      </sequencepoints>
      <locals />
      <scopes />
    </method>
    <method token="0x6000008">
      <sequencepoints>
        <entry il="0x0" row="20" col="34" file_ref="1" hidden="false" />
        <entry il="0x1" row="21" col="13" file_ref="1" hidden="false" />
        <entry il="0x18" row="22" col="9" file_ref="1" hidden="false" />
      </sequencepoints>
      <locals />
      <scopes />
    </method>
    <method token="0x6000009">
      <sequencepoints>
        <entry il="0x0" row="24" col="34" file_ref="1" hidden="false" />
        <entry il="0x1" row="25" col="13" file_ref="1" hidden="false" />
        <entry il="0x18" row="26" col="9" file_ref="1" hidden="false" />
      </sequencepoints>
      <locals />
      <scopes />
    </method>
    <method token="0x600000a">
      <sequencepoints>
        <entry il="0x0" row="28" col="47" file_ref="1" hidden="false" />
        <entry il="0x1" row="33" col="13" file_ref="1" hidden="false" />
        <entry il="0x2" row="33" col="17" file_ref="1" hidden="false" />
        <entry il="0xd" row="33" col="17" file_ref="1" hidden="false" />
        <entry il="0x18" row="33" col="25" file_ref="1" hidden="false" />
        <entry il="0x1e" row="34" col="13" file_ref="1" hidden="false" />
        <entry il="0x1f" row="34" col="18" file_ref="1" hidden="false" />
        <entry il="0x2a" row="34" col="18" file_ref="1" hidden="false" />
        <entry il="0x35" row="34" col="26" file_ref="1" hidden="false" />
        <entry il="0x3b" row="35" col="13" file_ref="1" hidden="false" />
        <entry il="0x47" row="35" col="13" file_ref="1" hidden="false" />
        <entry il="0x4c" row="37" col="23" file_ref="1" hidden="false" />
        <entry il="0x56" row="38" col="30" file_ref="1" hidden="false" />
        <entry il="0x5c" row="40" col="21" file_ref="1" hidden="false" />
        <entry il="0x63" row="41" col="13" file_ref="1" hidden="false" />
        <entry il="0x90" row="43" col="13" file_ref="1" hidden="false" />
        <entry il="0xbb" row="45" col="13" file_ref="1" hidden="false" />
        <entry il="0xe2" row="46" col="13" file_ref="1" hidden="false" />
        <entry il="0x111" row="48" col="19" file_ref="1" hidden="false" />
        <entry il="0x137" row="49" col="19" file_ref="1" hidden="false" />
        <entry il="0x15d" row="50" col="13" file_ref="1" hidden="false" />
        <entry il="0x15e" row="50" col="17" file_ref="1" hidden="false" />
        <entry il="0x16e" row="50" col="28" file_ref="1" hidden="false" />
        <entry il="0x178" row="50" col="70" file_ref="1" hidden="false" />
        <entry il="0x179" row="51" col="27" file_ref="1" hidden="false" />
        <entry il="0x19f" row="52" col="17" file_ref="1" hidden="false" />
        <entry il="0x1a5" row="52" col="25" file_ref="1" hidden="false" />
        <entry il="0x1bf" row="52" col="86" file_ref="1" hidden="false" />
        <entry il="0x1c0" row="53" col="21" file_ref="1" hidden="false" />
        <entry il="0x1c6" row="53" col="33" file_ref="1" hidden="false" />
        <entry il="0x207" row="53" col="62" file_ref="1" hidden="false" />
        <entry il="0x20d" row="54" col="17" file_ref="1" hidden="false" />
        <entry il="0x20e" row="55" col="13" file_ref="1" hidden="false" />
        <entry il="0x20f" row="56" col="13" file_ref="1" hidden="false" />
        <entry il="0x215" row="56" col="13" file_ref="1" hidden="false" />
        <entry il="0x21a" row="57" col="9" file_ref="1" hidden="false" />
      </sequencepoints>
      <locals>
        <entry name="n" il_index="0" scope_ref="0" />
        <entry name="n2" il_index="1" scope_ref="0" />
        <entry name="alpha" il_index="2" scope_ref="0" />
        <entry name="obj" il_index="3" scope_ref="0" />
        <entry name="str" il_index="4" scope_ref="0" />
        <entry name="i" il_index="5" scope_ref="0" />
        <entry name="d" il_index="6" scope_ref="0" />
        <entry name="layer" il_index="7" scope_ref="1" />
      </locals>
      <scopes>
        <entry index="0" start="0x179" end="0x20e" />
        <entry index="1" start="0x1c0" end="0x20d" />
      </scopes>
    </method>
    <method token="0x600000b">
      <sequencepoints>
        <entry il="0x0" row="76" col="36" file_ref="1" hidden="false" />
        <entry il="0x1" row="77" col="19" file_ref="1" hidden="false" />
        <entry il="0x8" row="78" col="13" file_ref="1" hidden="false" />
        <entry il="0xa" row="78" col="33" file_ref="1" hidden="false" />
        <entry il="0x10" row="78" col="13" file_ref="1" hidden="false" />
        <entry il="0x15" row="79" col="13" file_ref="1" hidden="false" />
        <entry il="0x16" row="79" col="31" file_ref="1" hidden="false" />
        <entry il="0x1c" row="79" col="13" file_ref="1" hidden="false" />
        <entry il="0x21" row="80" col="9" file_ref="1" hidden="false" />
      </sequencepoints>
      <locals>
        <entry name="o" il_index="0" scope_ref="0" />
      </locals>
      <scopes />
    </method>
    <method token="0x600000c">
      <sequencepoints>
        <entry il="0x0" row="82" col="74" file_ref="1" hidden="false" />
        <entry il="0x1" row="83" col="13" file_ref="1" hidden="false" />
        <entry il="0x8" row="83" col="13" file_ref="1" hidden="false" />
        <entry il="0xd" row="84" col="9" file_ref="1" hidden="false" />
      </sequencepoints>
      <locals />
      <scopes />
    </method>
    <method token="0x600000d">
      <sequencepoints>
        <entry il="0x0" row="86" col="79" file_ref="1" hidden="false" />
        <entry il="0x1" row="87" col="13" file_ref="1" hidden="false" />
        <entry il="0x8" row="87" col="13" file_ref="1" hidden="false" />
        <entry il="0xd" row="88" col="9" file_ref="1" hidden="false" />
      </sequencepoints>
      <locals />
      <scopes />
    </method>
    <method token="0x600000e">
      <sequencepoints>
        <entry il="0x0" row="90" col="58" file_ref="1" hidden="false" />
        <entry il="0x1" row="91" col="13" file_ref="1" hidden="false" />
        <entry il="0x8" row="91" col="13" file_ref="1" hidden="false" />
        <entry il="0xd" row="92" col="9" file_ref="1" hidden="false" />
      </sequencepoints>
      <locals />
      <scopes />
    </method>
    <method token="0x600000f">
      <sequencepoints>
        <entry il="0x0" row="94" col="52" file_ref="1" hidden="false" />
        <entry il="0x1" row="95" col="13" file_ref="1" hidden="false" />
        <entry il="0x2" row="95" col="13" file_ref="1" hidden="false" />
        <entry il="0x7" row="96" col="9" file_ref="1" hidden="false" />
      </sequencepoints>
      <locals />
      <scopes />
    </method>
    <method token="0x6000010">
      <sequencepoints>
        <entry il="0x0" row="98" col="45" file_ref="1" hidden="false" />
        <entry il="0x1" row="99" col="13" file_ref="1" hidden="false" />
        <entry il="0xa" row="100" col="9" file_ref="1" hidden="false" />
      </sequencepoints>
      <locals />
      <scopes />
    </method>
    <method token="0x6000011">
      <sequencepoints>
        <entry il="0x0" row="119" col="50" file_ref="1" hidden="false" />
        <entry il="0x1" row="120" col="13" file_ref="1" hidden="false" />
        <entry il="0x8" row="121" col="9" file_ref="1" hidden="false" />
      </sequencepoints>
      <locals />
      <scopes />
    </method>
    <method token="0x6000012">
      <sequencepoints>
        <entry il="0x0" row="123" col="51" file_ref="1" hidden="false" />
        <entry il="0x1" row="124" col="13" file_ref="1" hidden="false" />
        <entry il="0x8" row="125" col="9" file_ref="1" hidden="false" />
      </sequencepoints>
      <locals />
      <scopes />
    </method>
    <method token="0x6000013">
      <sequencepoints />
      <locals />
      <scopes />
    </method>
    <method token="0x6000014">
      <sequencepoints>
        <entry il="0x0" row="113" col="45" file_ref="1" hidden="false" />
        <entry il="0x1" row="114" col="9" file_ref="1" hidden="false" />
      </sequencepoints>
      <locals />
      <scopes />
    </method>
    <method token="0x6000015">
      <sequencepoints>
        <entry il="0x0" row="116" col="42" file_ref="1" hidden="false" />
        <entry il="0x1" row="117" col="9" file_ref="1" hidden="false" />
      </sequencepoints>
      <locals />
      <scopes />
    </method>
    <method token="0x6000016">
      <sequencepoints>
        <entry il="0x0" row="142" col="59" file_ref="1" hidden="false" />
        <entry il="0x1" row="143" col="9" file_ref="1" hidden="false" />
      </sequencepoints>
      <locals />
      <scopes />
    </method>
    <method token="0x6000017">
      <sequencepoints>
        <entry il="0x0" row="145" col="25" file_ref="1" hidden="false" />
        <entry il="0x6" row="145" col="57" file_ref="1" hidden="false" />
        <entry il="0x7" row="146" col="9" file_ref="1" hidden="false" />
      </sequencepoints>
      <locals />
      <scopes />
    </method>
    <method token="0x6000018">
      <sequencepoints>
        <entry il="0x0" row="136" col="45" file_ref="1" hidden="false" />
        <entry il="0x1" row="137" col="9" file_ref="1" hidden="false" />
      </sequencepoints>
      <locals />
      <scopes />
    </method>
    <method token="0x6000019">
      <sequencepoints>
        <entry il="0x0" row="139" col="42" file_ref="1" hidden="false" />
        <entry il="0x1" row="140" col="9" file_ref="1" hidden="false" />
      </sequencepoints>
      <locals />
      <scopes />
    </method>
    <method token="0x600001a">
      <sequencepoints />
      <locals />
      <scopes />
    </method>
    <method token="0x600001b">
      <sequencepoints>
        <entry il="0x0" row="377" col="50" file_ref="1" hidden="false" />
        <entry il="0x1" row="378" col="9" file_ref="1" hidden="false" />
        <entry il="0x9" row="379" col="5" file_ref="1" hidden="false" />
      </sequencepoints>
      <locals />
      <scopes />
    </method>
    <method token="0x600001c">
      <sequencepoints>
        <entry il="0x0" row="422" col="54" file_ref="1" hidden="false" />
        <entry il="0x1" row="423" col="13" file_ref="1" hidden="false" />
        <entry il="0xb" row="423" col="32" file_ref="1" hidden="false" />
        <entry il="0x15" row="423" col="58" file_ref="1" hidden="false" />
        <entry il="0x16" row="426" col="13" file_ref="1" hidden="false" />
        <entry il="0x1c" row="426" col="20" file_ref="1" hidden="false" />
        <entry il="0x26" row="426" col="39" file_ref="1" hidden="false" />
        <entry il="0x30" row="426" col="65" file_ref="1" hidden="false" />
        <entry il="0x31" row="429" col="13" file_ref="1" hidden="false" />
        <entry il="0x37" row="429" col="20" file_ref="1" hidden="false" />
        <entry il="0x38" row="431" col="13" file_ref="1" hidden="false" />
        <entry il="0x39" row="432" col="9" file_ref="1" hidden="false" />
      </sequencepoints>
      <locals />
      <scopes>
        <entry index="0" start="0x16" end="0x16" />
        <entry index="1" start="0x31" end="0x31" />
        <entry index="2" start="0x38" end="0x38" />
      </scopes>
    </method>
    <method token="0x600001d">
      <sequencepoints>
        <entry il="0x0" row="436" col="51" file_ref="1" hidden="false" />
        <entry il="0x1" row="502" col="30" file_ref="1" hidden="false" />
        <entry il="0x7" row="503" col="21" file_ref="1" hidden="false" />
        <entry il="0x8" row="503" col="34" file_ref="1" hidden="false" />
        <entry il="0xe" row="504" col="22" file_ref="1" hidden="false" />
        <entry il="0xf" row="504" col="35" file_ref="1" hidden="false" />
        <entry il="0x15" row="505" col="20" file_ref="1" hidden="false" />
        <entry il="0x1f" row="505" col="31" file_ref="1" hidden="false" />
        <entry il="0x25" row="507" col="20" file_ref="1" hidden="false" />
        <entry il="0x34" row="509" col="13" file_ref="1" hidden="false" />
        <entry il="0x5b" row="511" col="13" file_ref="1" hidden="false" />
        <entry il="0x5c" row="511" col="13" file_ref="1" hidden="false" />
        <entry il="0x61" row="587" col="9" file_ref="1" hidden="false" />
      </sequencepoints>
      <locals>
        <entry name="obj" il_index="0" scope_ref="0" />
        <entry name="str" il_index="1" scope_ref="0" />
        <entry name="str1" il_index="2" scope_ref="0" />
        <entry name="t3" il_index="3" scope_ref="0" />
        <entry name="f3" il_index="4" scope_ref="0" />
      </locals>
      <scopes />
    </method>
    <method token="0x600001e">
      <sequencepoints>
        <entry il="0x0" row="622" col="52" file_ref="1" hidden="false" />
        <entry il="0x1" row="623" col="19" file_ref="1" hidden="false" />
        <entry il="0x3" row="623" col="34" file_ref="1" hidden="false" />
        <entry il="0x9" row="624" col="13" file_ref="1" hidden="false" />
        <entry il="0xb" row="624" col="15" file_ref="1" hidden="false" />
        <entry il="0x11" row="625" col="13" file_ref="1" hidden="false" />
        <entry il="0x13" row="625" col="15" file_ref="1" hidden="false" />
        <entry il="0x19" row="626" col="13" file_ref="1" hidden="false" />
        <entry il="0x1b" row="626" col="15" file_ref="1" hidden="false" />
        <entry il="0x21" row="627" col="13" file_ref="1" hidden="false" />
        <entry il="0x23" row="627" col="15" file_ref="1" hidden="false" />
        <entry il="0x29" row="629" col="17" file_ref="1" hidden="false" />
        <entry il="0x30" row="629" col="32" file_ref="1" hidden="false" />
        <entry il="0x31" row="629" col="32" file_ref="1" hidden="false" />
        <entry il="0x3c" row="629" col="25" file_ref="1" hidden="false" />
        <entry il="0x3e" row="629" col="32" file_ref="1" hidden="false" />
        <entry il="0x49" row="629" col="35" file_ref="1" hidden="false" />
        <entry il="0x4a" row="630" col="17" file_ref="1" hidden="false" />
        <entry il="0x50" row="630" col="17" file_ref="1" hidden="false" />
        <entry il="0x55" row="631" col="13" file_ref="1" hidden="false" />
        <entry il="0x58" row="629" col="32" file_ref="1" hidden="false" />
        <entry il="0x62" row="633" col="13" file_ref="1" hidden="false" />
        <entry il="0x69" row="633" col="36" file_ref="1" hidden="false" />
        <entry il="0x6a" row="633" col="36" file_ref="1" hidden="false" />
        <entry il="0x76" row="633" col="29" file_ref="1" hidden="false" />
        <entry il="0x78" row="633" col="36" file_ref="1" hidden="false" />
        <entry il="0x7e" row="633" col="39" file_ref="1" hidden="false" />
        <entry il="0x7f" row="634" col="17" file_ref="1" hidden="false" />
        <entry il="0x85" row="634" col="17" file_ref="1" hidden="false" />
        <entry il="0x8a" row="635" col="13" file_ref="1" hidden="false" />
        <entry il="0x8d" row="633" col="36" file_ref="1" hidden="false" />
        <entry il="0x97" row="637" col="27" file_ref="1" hidden="false" />
        <entry il="0x9e" row="638" col="13" file_ref="1" hidden="false" />
        <entry il="0xa5" row="638" col="15" file_ref="1" hidden="false" />
        <entry il="0xab" row="639" col="13" file_ref="1" hidden="false" />
        <entry il="0xb4" row="639" col="15" file_ref="1" hidden="false" />
        <entry il="0xba" row="640" col="13" file_ref="1" hidden="false" />
        <entry il="0xc1" row="640" col="15" file_ref="1" hidden="false" />
        <entry il="0xc7" row="641" col="13" file_ref="1" hidden="false" />
        <entry il="0xcf" row="641" col="15" file_ref="1" hidden="false" />
        <entry il="0xd5" row="643" col="17" file_ref="1" hidden="false" />
        <entry il="0xdd" row="643" col="32" file_ref="1" hidden="false" />
        <entry il="0xdf" row="643" col="32" file_ref="1" hidden="false" />
        <entry il="0xeb" row="643" col="25" file_ref="1" hidden="false" />
        <entry il="0xed" row="643" col="32" file_ref="1" hidden="false" />
        <entry il="0xf9" row="643" col="35" file_ref="1" hidden="false" />
        <entry il="0xfa" row="644" col="17" file_ref="1" hidden="false" />
        <entry il="0x101" row="644" col="17" file_ref="1" hidden="false" />
        <entry il="0x106" row="645" col="13" file_ref="1" hidden="false" />
        <entry il="0x109" row="643" col="32" file_ref="1" hidden="false" />
        <entry il="0x113" row="647" col="13" file_ref="1" hidden="false" />
        <entry il="0x11b" row="647" col="39" file_ref="1" hidden="false" />
        <entry il="0x11d" row="647" col="39" file_ref="1" hidden="false" />
        <entry il="0x129" row="647" col="29" file_ref="1" hidden="false" />
        <entry il="0x12b" row="647" col="39" file_ref="1" hidden="false" />
        <entry il="0x132" row="647" col="42" file_ref="1" hidden="false" />
        <entry il="0x133" row="648" col="17" file_ref="1" hidden="false" />
        <entry il="0x135" row="648" col="17" file_ref="1" hidden="false" />
        <entry il="0x13a" row="649" col="13" file_ref="1" hidden="false" />
        <entry il="0x13d" row="647" col="39" file_ref="1" hidden="false" />
        <entry il="0x147" row="651" col="28" file_ref="1" hidden="false" />
        <entry il="0x14e" row="651" col="29" file_ref="1" hidden="false" />
        <entry il="0x175" row="651" col="35" file_ref="1" hidden="false" />
        <entry il="0x1a0" row="652" col="17" file_ref="1" hidden="false" />
        <entry il="0x1ad" row="652" col="35" file_ref="1" hidden="false" />
        <entry il="0x1f6" row="652" col="35" file_ref="1" hidden="false" />
        <entry il="0x202" row="652" col="25" file_ref="1" hidden="false" />
        <entry il="0x204" row="652" col="35" file_ref="1" hidden="false" />
        <entry il="0x20b" row="652" col="38" file_ref="1" hidden="false" />
        <entry il="0x20c" row="653" col="17" file_ref="1" hidden="false" />
        <entry il="0x20e" row="653" col="17" file_ref="1" hidden="false" />
        <entry il="0x213" row="654" col="13" file_ref="1" hidden="false" />
        <entry il="0x216" row="652" col="35" file_ref="1" hidden="false" />
        <entry il="0x23c" row="656" col="13" file_ref="1" hidden="false" />
        <entry il="0x249" row="656" col="40" file_ref="1" hidden="false" />
        <entry il="0x292" row="656" col="40" file_ref="1" hidden="false" />
        <entry il="0x29e" row="656" col="30" file_ref="1" hidden="false" />
        <entry il="0x2a0" row="656" col="40" file_ref="1" hidden="false" />
        <entry il="0x2a7" row="656" col="43" file_ref="1" hidden="false" />
        <entry il="0x2a8" row="657" col="17" file_ref="1" hidden="false" />
        <entry il="0x2aa" row="657" col="17" file_ref="1" hidden="false" />
        <entry il="0x2af" row="658" col="13" file_ref="1" hidden="false" />
        <entry il="0x2b2" row="656" col="40" file_ref="1" hidden="false" />
        <entry il="0x2d8" row="660" col="19" file_ref="1" hidden="false" />
        <entry il="0x2d9" row="660" col="32" file_ref="1" hidden="false" />
        <entry il="0x2e0" row="661" col="13" file_ref="1" hidden="false" />
        <entry il="0x307" row="662" col="13" file_ref="1" hidden="false" />
        <entry il="0x32e" row="663" col="13" file_ref="1" hidden="false" />
        <entry il="0x336" row="663" col="40" file_ref="1" hidden="false" />
        <entry il="0x338" row="663" col="40" file_ref="1" hidden="false" />
        <entry il="0x344" row="663" col="30" file_ref="1" hidden="false" />
        <entry il="0x346" row="663" col="40" file_ref="1" hidden="false" />
        <entry il="0x34f" row="663" col="40" file_ref="1" hidden="false" />
        <entry il="0x354" row="663" col="40" file_ref="1" hidden="false" />
        <entry il="0x35b" row="663" col="43" file_ref="1" hidden="false" />
        <entry il="0x35c" row="664" col="17" file_ref="1" hidden="false" />
        <entry il="0x35e" row="664" col="17" file_ref="1" hidden="false" />
        <entry il="0x363" row="665" col="13" file_ref="1" hidden="false" />
        <entry il="0x366" row="663" col="40" file_ref="1" hidden="false" />
        <entry il="0x37d" row="663" col="40" file_ref="1" hidden="false" />
        <entry il="0x383" row="667" col="9" file_ref="1" hidden="false" />
      </sequencepoints>
      <locals>
        <entry name="v" il_index="0" scope_ref="0" />
        <entry name="i2" il_index="1" scope_ref="0" />
        <entry name="i" il_index="3" scope_ref="0" />
        <entry name="a" il_index="5" scope_ref="0" />
        <entry name="j2" il_index="6" scope_ref="0" />
        <entry name="j" il_index="8" scope_ref="0" />
        <entry name="o" il_index="10" scope_ref="0" />
        <entry name="k0" il_index="12" scope_ref="0" />
        <entry name="j3" il_index="15" scope_ref="0" />
        <entry name="d" il_index="18" scope_ref="0" />
        <entry name="j4" il_index="19" scope_ref="0" />
      </locals>
      <scopes>
        <entry index="0" start="0x49" end="0x56" />
        <entry index="1" start="0x4a" end="0x55" />
        <entry index="2" start="0x7e" end="0x8b" />
        <entry index="3" start="0x7f" end="0x8a" />
        <entry index="4" start="0xf9" end="0x107" />
        <entry index="5" start="0xfa" end="0x106" />
        <entry index="6" start="0x132" end="0x13b" />
        <entry index="7" start="0x133" end="0x13a" />
        <entry index="8" start="0x20b" end="0x214" />
        <entry index="9" start="0x20c" end="0x213" />
        <entry index="10" start="0x2a7" end="0x2b0" />
        <entry index="11" start="0x2a8" end="0x2af" />
        <entry index="12" start="0x35b" end="0x364" />
        <entry index="13" start="0x35c" end="0x363" />
      </scopes>
    </method>
    <method token="0x600001f">
      <sequencepoints>
        <entry il="0x0" row="669" col="44" file_ref="1" hidden="false" />
        <entry il="0x1" row="685" col="13" file_ref="1" hidden="false" />
        <entry il="0x6" row="777" col="9" file_ref="1" hidden="false" />
      </sequencepoints>
      <locals />
      <scopes />
    </method>
    <method token="0x6000020">
      <sequencepoints>
        <entry il="0x0" row="418" col="41" file_ref="1" hidden="false" />
        <entry il="0xa" row="434" col="29" file_ref="1" hidden="false" />
      </sequencepoints>
      <locals />
      <scopes />
    </method>
  </methods>
</symbols>